[22:36:17.745] [info] welcom to detector
[22:36:17.745] [info] ============= configs ==============
[22:36:17.745] [info] SHOW_CV_MONITOR: true
[22:36:17.745] [info] 
░▀█▀░█▀█░█░█░░░█▀▄░█▀▀░▀█▀░█▀▀░█▀▀░▀█▀░█▀█░█▀▄
░░█░░█░█░█░█░░░█░█░█▀▀░░█░░█▀▀░█░░░░█░░█░█░█▀▄
░▀▀▀░▀░▀░▀▀▀░░░▀▀░░▀▀▀░░▀░░▀▀▀░▀▀▀░░▀░░▀▀▀░▀░▀

[22:36:17.745] [info] SHOW_CV_CAL_DELAY: true
[22:36:17.745] [info] avg_frame_delay_num: 300
[22:36:17.745] [info] SHOW_TARGET_ANGLE: true
[22:36:17.745] [info] =========== configs end ============
[22:36:17.750] [info] detector node thread start
[22:36:18.855] [info] [frame detector] avg 300 frame delay: 2.562 ms
[22:36:19.918] [info] [frame detector] avg 300 frame delay: 2.430 ms
[22:36:20.763] [info] Pixel (721.6,152.8) => yaw=7.7 deg, pitch=8.5 deg
[22:36:20.766] [info] Pixel (721.6,152.8) => yaw=7.7 deg, pitch=8.5 deg
[22:36:20.770] [info] Pixel (721.6,152.8) => yaw=7.7 deg, pitch=8.5 deg
[22:36:20.775] [info] Pixel (721.6,152.8) => yaw=7.7 deg, pitch=8.5 deg
[22:36:20.778] [info] Pixel (721.6,152.8) => yaw=7.7 deg, pitch=8.5 deg
[22:36:20.781] [info] Pixel (710.2,159.5) => yaw=7.3 deg, pitch=8.3 deg
[22:36:20.784] [info] Pixel (710.2,159.5) => yaw=7.3 deg, pitch=8.3 deg
[22:36:20.788] [info] Pixel (710.2,159.5) => yaw=7.3 deg, pitch=8.3 deg
[22:36:20.792] [info] Pixel (710.2,159.5) => yaw=7.3 deg, pitch=8.3 deg
[22:36:20.795] [info] Pixel (710.2,159.5) => yaw=7.3 deg, pitch=8.3 deg
[22:36:20.800] [info] Pixel (698.8,166.1) => yaw=6.9 deg, pitch=8.0 deg
[22:36:20.802] [info] Pixel (698.8,166.1) => yaw=6.9 deg, pitch=8.0 deg
[22:36:20.806] [info] Pixel (698.8,166.1) => yaw=6.9 deg, pitch=8.0 deg
[22:36:20.811] [info] Pixel (698.8,166.1) => yaw=6.9 deg, pitch=8.0 deg
[22:36:20.814] [info] Pixel (698.8,166.1) => yaw=6.9 deg, pitch=8.0 deg
[22:36:20.817] [info] Pixel (689.9,170.2) => yaw=6.6 deg, pitch=7.9 deg
[22:36:20.820] [info] Pixel (689.9,170.2) => yaw=6.6 deg, pitch=7.9 deg
[22:36:20.824] [info] Pixel (689.9,170.2) => yaw=6.6 deg, pitch=7.9 deg
[22:36:20.828] [info] Pixel (689.9,170.2) => yaw=6.6 deg, pitch=7.9 deg
[22:36:20.831] [info] Pixel (689.9,170.2) => yaw=6.6 deg, pitch=7.9 deg
[22:36:20.835] [info] Pixel (686.5,173.4) => yaw=6.5 deg, pitch=7.8 deg
[22:36:20.839] [info] Pixel (686.5,173.4) => yaw=6.5 deg, pitch=7.8 deg
[22:36:20.843] [info] Pixel (686.5,173.4) => yaw=6.5 deg, pitch=7.8 deg
[22:36:20.846] [info] Pixel (686.5,173.4) => yaw=6.5 deg, pitch=7.8 deg
[22:36:20.850] [info] Pixel (686.5,173.4) => yaw=6.5 deg, pitch=7.8 deg
[22:36:20.853] [info] Pixel (684.6,177.5) => yaw=6.4 deg, pitch=7.6 deg
[22:36:20.857] [info] Pixel (684.6,177.5) => yaw=6.4 deg, pitch=7.6 deg
[22:36:20.860] [info] Pixel (684.6,177.5) => yaw=6.4 deg, pitch=7.6 deg
[22:36:20.863] [info] Pixel (684.6,177.5) => yaw=6.4 deg, pitch=7.6 deg
[22:36:20.867] [info] Pixel (684.6,177.5) => yaw=6.4 deg, pitch=7.6 deg
[22:36:20.870] [info] Pixel (681.9,182.6) => yaw=6.3 deg, pitch=7.4 deg
[22:36:20.873] [info] Pixel (681.9,182.6) => yaw=6.3 deg, pitch=7.4 deg
[22:36:20.877] [info] Pixel (681.9,182.6) => yaw=6.3 deg, pitch=7.4 deg
[22:36:20.881] [info] Pixel (680.6,187.9) => yaw=6.2 deg, pitch=7.2 deg
[22:36:20.885] [info] Pixel (680.6,187.9) => yaw=6.2 deg, pitch=7.2 deg
[22:36:20.888] [info] Pixel (680.6,187.9) => yaw=6.2 deg, pitch=7.2 deg
[22:36:20.892] [info] Pixel (680.6,187.9) => yaw=6.2 deg, pitch=7.2 deg
[22:36:20.896] [info] Pixel (680.6,187.9) => yaw=6.2 deg, pitch=7.2 deg
[22:36:20.900] [info] Pixel (679.9,191.0) => yaw=6.2 deg, pitch=7.1 deg
[22:36:20.903] [info] Pixel (679.9,191.0) => yaw=6.2 deg, pitch=7.1 deg
[22:36:20.907] [info] Pixel (679.9,191.0) => yaw=6.2 deg, pitch=7.1 deg
[22:36:20.911] [info] Pixel (679.9,191.0) => yaw=6.2 deg, pitch=7.1 deg
[22:36:20.915] [info] Pixel (679.9,191.0) => yaw=6.2 deg, pitch=7.1 deg
[22:36:20.919] [info] Pixel (678.2,191.7) => yaw=6.2 deg, pitch=7.1 deg
[22:36:20.922] [info] Pixel (678.2,191.7) => yaw=6.2 deg, pitch=7.1 deg
[22:36:20.926] [info] Pixel (678.2,191.7) => yaw=6.2 deg, pitch=7.1 deg
[22:36:20.930] [info] Pixel (678.2,191.7) => yaw=6.2 deg, pitch=7.1 deg
[22:36:20.934] [info] Pixel (679.1,191.7) => yaw=6.2 deg, pitch=7.1 deg
[22:36:20.937] [info] Pixel (679.1,191.7) => yaw=6.2 deg, pitch=7.1 deg
[22:36:20.941] [info] Pixel (679.1,191.7) => yaw=6.2 deg, pitch=7.1 deg
[22:36:20.945] [info] Pixel (679.1,191.7) => yaw=6.2 deg, pitch=7.1 deg
[22:36:20.948] [info] Pixel (679.1,191.7) => yaw=6.2 deg, pitch=7.1 deg
[22:36:20.952] [info] Pixel (679.8,190.9) => yaw=6.2 deg, pitch=7.1 deg
[22:36:20.955] [info] Pixel (679.8,190.9) => yaw=6.2 deg, pitch=7.1 deg
[22:36:20.959] [info] Pixel (679.8,190.9) => yaw=6.2 deg, pitch=7.1 deg
[22:36:20.962] [info] Pixel (679.8,190.9) => yaw=6.2 deg, pitch=7.1 deg
[22:36:20.967] [info] Pixel (679.8,190.9) => yaw=6.2 deg, pitch=7.1 deg
[22:36:20.970] [info] Pixel (682.1,189.7) => yaw=6.3 deg, pitch=7.2 deg
[22:36:20.970] [info] [frame detector] avg 300 frame delay: 2.400 ms
[22:36:20.973] [info] Pixel (682.1,189.7) => yaw=6.3 deg, pitch=7.2 deg
[22:36:20.978] [info] Pixel (682.1,189.7) => yaw=6.3 deg, pitch=7.2 deg
[22:36:20.981] [info] Pixel (682.1,189.7) => yaw=6.3 deg, pitch=7.2 deg
[22:36:20.985] [info] Pixel (682.1,189.7) => yaw=6.3 deg, pitch=7.2 deg
[22:36:20.989] [info] Pixel (684.9,187.9) => yaw=6.4 deg, pitch=7.2 deg
[22:36:20.993] [info] Pixel (684.9,187.9) => yaw=6.4 deg, pitch=7.2 deg
[22:36:20.996] [info] Pixel (687.8,184.6) => yaw=6.5 deg, pitch=7.4 deg
[22:36:21.000] [info] Pixel (687.8,184.6) => yaw=6.5 deg, pitch=7.4 deg
[22:36:21.003] [info] Pixel (687.8,184.6) => yaw=6.5 deg, pitch=7.4 deg
[22:36:21.007] [info] Pixel (687.8,184.6) => yaw=6.5 deg, pitch=7.4 deg
[22:36:21.010] [info] Pixel (687.8,184.6) => yaw=6.5 deg, pitch=7.4 deg
[22:36:21.013] [info] Pixel (687.8,184.6) => yaw=6.5 deg, pitch=7.4 deg
[22:36:21.016] [info] Pixel (690.2,178.8) => yaw=6.6 deg, pitch=7.6 deg
[22:36:21.020] [info] Pixel (690.2,178.8) => yaw=6.6 deg, pitch=7.6 deg
[22:36:21.024] [info] Pixel (690.2,178.8) => yaw=6.6 deg, pitch=7.6 deg
[22:36:21.028] [info] Pixel (690.2,178.8) => yaw=6.6 deg, pitch=7.6 deg
[22:36:21.032] [info] Pixel (690.2,178.8) => yaw=6.6 deg, pitch=7.6 deg
[22:36:21.035] [info] Pixel (693.1,170.9) => yaw=6.7 deg, pitch=7.9 deg
[22:36:21.039] [info] Pixel (693.1,170.9) => yaw=6.7 deg, pitch=7.9 deg
[22:36:21.042] [info] Pixel (693.1,170.9) => yaw=6.7 deg, pitch=7.9 deg
[22:36:21.045] [info] Pixel (693.1,170.9) => yaw=6.7 deg, pitch=7.9 deg
[22:36:21.049] [info] Pixel (693.1,170.9) => yaw=6.7 deg, pitch=7.9 deg
[22:36:21.052] [info] Pixel (693.7,161.8) => yaw=6.7 deg, pitch=8.2 deg
[22:36:21.056] [info] Pixel (693.7,161.8) => yaw=6.7 deg, pitch=8.2 deg
[22:36:21.060] [info] Pixel (693.7,161.8) => yaw=6.7 deg, pitch=8.2 deg
[22:36:21.063] [info] Pixel (693.7,161.8) => yaw=6.7 deg, pitch=8.2 deg
[22:36:21.067] [info] Pixel (693.7,161.8) => yaw=6.7 deg, pitch=8.2 deg
[22:36:21.071] [info] Pixel (692.8,152.4) => yaw=6.7 deg, pitch=8.5 deg
[22:36:21.075] [info] Pixel (692.8,152.4) => yaw=6.7 deg, pitch=8.5 deg
[22:36:21.079] [info] Pixel (692.8,152.4) => yaw=6.7 deg, pitch=8.5 deg
[22:36:21.082] [info] Pixel (692.8,152.4) => yaw=6.7 deg, pitch=8.5 deg
[22:36:21.086] [info] Pixel (692.8,152.4) => yaw=6.7 deg, pitch=8.5 deg
[22:36:21.090] [info] Pixel (694.3,143.3) => yaw=6.7 deg, pitch=8.9 deg
[22:36:21.094] [info] Pixel (694.3,143.3) => yaw=6.7 deg, pitch=8.9 deg
[22:36:21.097] [info] Pixel (694.8,136.1) => yaw=6.8 deg, pitch=9.1 deg
[22:36:21.100] [info] Pixel (694.8,136.1) => yaw=6.8 deg, pitch=9.1 deg
[22:36:21.103] [info] Pixel (694.8,136.1) => yaw=6.8 deg, pitch=9.1 deg
[22:36:21.107] [info] Pixel (694.8,136.1) => yaw=6.8 deg, pitch=9.1 deg
[22:36:21.111] [info] Pixel (694.8,136.1) => yaw=6.8 deg, pitch=9.1 deg
[22:36:21.115] [info] Pixel (694.7,129.8) => yaw=6.8 deg, pitch=9.3 deg
[22:36:21.118] [info] Pixel (694.7,129.8) => yaw=6.8 deg, pitch=9.3 deg
[22:36:21.122] [info] Pixel (694.7,129.8) => yaw=6.8 deg, pitch=9.3 deg
[22:36:21.125] [info] Pixel (694.7,129.8) => yaw=6.8 deg, pitch=9.3 deg
[22:36:21.128] [info] Pixel (694.7,129.8) => yaw=6.8 deg, pitch=9.3 deg
[22:36:21.133] [info] Pixel (694.4,125.4) => yaw=6.8 deg, pitch=9.5 deg
[22:36:21.136] [info] Pixel (694.4,125.4) => yaw=6.8 deg, pitch=9.5 deg
[22:36:21.140] [info] Pixel (694.4,125.4) => yaw=6.8 deg, pitch=9.5 deg
[22:36:21.143] [info] Pixel (694.4,125.4) => yaw=6.8 deg, pitch=9.5 deg
[22:36:21.146] [info] Pixel (694.4,125.4) => yaw=6.8 deg, pitch=9.5 deg
[22:36:21.150] [info] Pixel (692.7,120.0) => yaw=6.7 deg, pitch=9.7 deg
[22:36:21.153] [info] Pixel (692.7,120.0) => yaw=6.7 deg, pitch=9.7 deg
[22:36:21.158] [info] Pixel (692.7,120.0) => yaw=6.7 deg, pitch=9.7 deg
[22:36:21.161] [info] Pixel (692.7,120.0) => yaw=6.7 deg, pitch=9.7 deg
[22:36:21.165] [info] Pixel (692.7,120.0) => yaw=6.7 deg, pitch=9.7 deg
[22:36:21.168] [info] Pixel (689.8,116.8) => yaw=6.6 deg, pitch=9.8 deg
[22:36:21.171] [info] Pixel (689.8,116.8) => yaw=6.6 deg, pitch=9.8 deg
[22:36:21.176] [info] Pixel (689.8,116.8) => yaw=6.6 deg, pitch=9.8 deg
[22:36:21.180] [info] Pixel (689.8,116.8) => yaw=6.6 deg, pitch=9.8 deg
[22:36:21.183] [info] Pixel (689.8,116.8) => yaw=6.6 deg, pitch=9.8 deg
[22:36:21.186] [info] Pixel (686.9,115.4) => yaw=6.5 deg, pitch=9.9 deg
[22:36:21.190] [info] Pixel (686.9,115.4) => yaw=6.5 deg, pitch=9.9 deg
[22:36:21.193] [info] Pixel (686.9,115.4) => yaw=6.5 deg, pitch=9.9 deg
[22:36:21.196] [info] Pixel (686.9,115.4) => yaw=6.5 deg, pitch=9.9 deg
[22:36:21.200] [info] Pixel (686.9,115.4) => yaw=6.5 deg, pitch=9.9 deg
[22:36:21.203] [info] Pixel (684.2,114.7) => yaw=6.4 deg, pitch=9.9 deg
[22:36:21.206] [info] Pixel (684.2,114.7) => yaw=6.4 deg, pitch=9.9 deg
[22:36:21.210] [info] Pixel (684.2,114.7) => yaw=6.4 deg, pitch=9.9 deg
[22:36:21.214] [info] Pixel (682.6,115.5) => yaw=6.3 deg, pitch=9.9 deg
[22:36:21.217] [info] Pixel (682.6,115.5) => yaw=6.3 deg, pitch=9.9 deg
[22:36:21.220] [info] Pixel (682.6,115.5) => yaw=6.3 deg, pitch=9.9 deg
[22:36:21.224] [info] Pixel (682.6,115.5) => yaw=6.3 deg, pitch=9.9 deg
[22:36:21.227] [info] Pixel (682.6,115.5) => yaw=6.3 deg, pitch=9.9 deg
[22:36:21.230] [info] Pixel (681.1,116.6) => yaw=6.3 deg, pitch=9.8 deg
[22:36:21.234] [info] Pixel (681.1,116.6) => yaw=6.3 deg, pitch=9.8 deg
[22:36:21.237] [info] Pixel (681.1,116.6) => yaw=6.3 deg, pitch=9.8 deg
[22:36:21.240] [info] Pixel (681.1,116.6) => yaw=6.3 deg, pitch=9.8 deg
[22:36:21.244] [info] Pixel (681.1,116.6) => yaw=6.3 deg, pitch=9.8 deg
[22:36:21.247] [info] Pixel (681.1,116.6) => yaw=6.3 deg, pitch=9.8 deg
[22:36:21.251] [info] Pixel (678.9,118.2) => yaw=6.2 deg, pitch=9.8 deg
[22:36:21.254] [info] Pixel (678.9,118.2) => yaw=6.2 deg, pitch=9.8 deg
[22:36:21.258] [info] Pixel (678.9,118.2) => yaw=6.2 deg, pitch=9.8 deg
[22:36:21.261] [info] Pixel (678.9,118.2) => yaw=6.2 deg, pitch=9.8 deg
[22:36:21.265] [info] Pixel (678.9,118.2) => yaw=6.2 deg, pitch=9.8 deg
[22:36:21.269] [info] Pixel (676.9,120.4) => yaw=6.1 deg, pitch=9.7 deg
[22:36:21.272] [info] Pixel (676.9,120.4) => yaw=6.1 deg, pitch=9.7 deg
[22:36:21.276] [info] Pixel (676.9,120.4) => yaw=6.1 deg, pitch=9.7 deg
[22:36:21.279] [info] Pixel (676.9,120.4) => yaw=6.1 deg, pitch=9.7 deg
[22:36:21.284] [info] Pixel (676.9,120.4) => yaw=6.1 deg, pitch=9.7 deg
[22:36:21.287] [info] Pixel (675.4,122.1) => yaw=6.1 deg, pitch=9.6 deg
[22:36:21.291] [info] Pixel (675.4,122.1) => yaw=6.1 deg, pitch=9.6 deg
[22:36:21.294] [info] Pixel (675.4,122.1) => yaw=6.1 deg, pitch=9.6 deg
[22:36:21.297] [info] Pixel (675.4,122.1) => yaw=6.1 deg, pitch=9.6 deg
[22:36:21.301] [info] Pixel (675.4,122.1) => yaw=6.1 deg, pitch=9.6 deg
[22:36:21.305] [info] Pixel (672.1,125.4) => yaw=5.9 deg, pitch=9.5 deg
[22:36:21.308] [info] Pixel (672.1,125.4) => yaw=5.9 deg, pitch=9.5 deg
[22:36:21.311] [info] Pixel (672.1,125.4) => yaw=5.9 deg, pitch=9.5 deg
[22:36:21.314] [info] Pixel (672.1,125.4) => yaw=5.9 deg, pitch=9.5 deg
[22:36:21.318] [info] Pixel (672.1,125.4) => yaw=5.9 deg, pitch=9.5 deg
[22:36:21.322] [info] Pixel (670.0,128.6) => yaw=5.9 deg, pitch=9.4 deg
[22:36:21.325] [info] Pixel (670.0,128.6) => yaw=5.9 deg, pitch=9.4 deg
[22:36:21.328] [info] Pixel (669.0,131.5) => yaw=5.8 deg, pitch=9.3 deg
[22:36:21.331] [info] Pixel (669.0,131.5) => yaw=5.8 deg, pitch=9.3 deg
[22:36:21.335] [info] Pixel (669.0,131.5) => yaw=5.8 deg, pitch=9.3 deg
[22:36:21.339] [info] Pixel (669.0,131.5) => yaw=5.8 deg, pitch=9.3 deg
[22:36:21.342] [info] Pixel (669.0,131.5) => yaw=5.8 deg, pitch=9.3 deg
[22:36:21.346] [info] Pixel (669.0,131.5) => yaw=5.8 deg, pitch=9.3 deg
[22:36:21.349] [info] Pixel (666.5,133.4) => yaw=5.7 deg, pitch=9.2 deg
[22:36:21.353] [info] Pixel (666.5,133.4) => yaw=5.7 deg, pitch=9.2 deg
[22:36:21.357] [info] Pixel (666.5,133.4) => yaw=5.7 deg, pitch=9.2 deg
[22:36:21.360] [info] Pixel (666.5,133.4) => yaw=5.7 deg, pitch=9.2 deg
[22:36:21.364] [info] Pixel (666.5,133.4) => yaw=5.7 deg, pitch=9.2 deg
[22:36:21.367] [info] Pixel (665.6,134.3) => yaw=5.7 deg, pitch=9.2 deg
[22:36:21.371] [info] Pixel (665.6,134.3) => yaw=5.7 deg, pitch=9.2 deg
[22:36:21.375] [info] Pixel (665.6,134.3) => yaw=5.7 deg, pitch=9.2 deg
[22:36:21.378] [info] Pixel (665.6,134.3) => yaw=5.7 deg, pitch=9.2 deg
[22:36:21.381] [info] Pixel (665.6,134.3) => yaw=5.7 deg, pitch=9.2 deg
[22:36:21.384] [info] Pixel (664.5,133.4) => yaw=5.7 deg, pitch=9.2 deg
[22:36:21.387] [info] Pixel (664.5,133.4) => yaw=5.7 deg, pitch=9.2 deg
[22:36:21.392] [info] Pixel (664.5,133.4) => yaw=5.7 deg, pitch=9.2 deg
[22:36:21.396] [info] Pixel (664.5,133.4) => yaw=5.7 deg, pitch=9.2 deg
[22:36:21.400] [info] Pixel (664.5,133.4) => yaw=5.7 deg, pitch=9.2 deg
[22:36:21.403] [info] Pixel (664.5,132.2) => yaw=5.7 deg, pitch=9.3 deg
[22:36:21.407] [info] Pixel (664.5,132.2) => yaw=5.7 deg, pitch=9.3 deg
[22:36:21.412] [info] Pixel (664.5,132.2) => yaw=5.7 deg, pitch=9.3 deg
[22:36:21.415] [info] Pixel (664.5,132.2) => yaw=5.7 deg, pitch=9.3 deg
[22:36:21.419] [info] Pixel (664.5,132.2) => yaw=5.7 deg, pitch=9.3 deg
[22:36:21.423] [info] Pixel (664.7,132.0) => yaw=5.7 deg, pitch=9.3 deg
[22:36:21.428] [info] Pixel (664.7,132.0) => yaw=5.7 deg, pitch=9.3 deg
[22:36:21.431] [info] Pixel (664.7,132.0) => yaw=5.7 deg, pitch=9.3 deg
[22:36:21.435] [info] Pixel (664.7,132.0) => yaw=5.7 deg, pitch=9.3 deg
[22:36:21.437] [info] Pixel (665.9,131.0) => yaw=5.7 deg, pitch=9.3 deg
[22:36:21.442] [info] Pixel (665.9,131.0) => yaw=5.7 deg, pitch=9.3 deg
[22:36:21.446] [info] Pixel (665.9,131.0) => yaw=5.7 deg, pitch=9.3 deg
[22:36:21.449] [info] Pixel (667.2,130.0) => yaw=5.8 deg, pitch=9.3 deg
[22:36:21.452] [info] Pixel (667.2,130.0) => yaw=5.8 deg, pitch=9.3 deg
[22:36:21.455] [info] Pixel (667.2,130.0) => yaw=5.8 deg, pitch=9.3 deg
[22:36:21.459] [info] Pixel (667.2,130.0) => yaw=5.8 deg, pitch=9.3 deg
[22:36:21.463] [info] Pixel (667.2,130.0) => yaw=5.8 deg, pitch=9.3 deg
[22:36:21.466] [info] Pixel (670.3,129.1) => yaw=5.9 deg, pitch=9.4 deg
[22:36:21.469] [info] Pixel (670.3,129.1) => yaw=5.9 deg, pitch=9.4 deg
[22:36:21.473] [info] Pixel (670.3,129.1) => yaw=5.9 deg, pitch=9.4 deg
[22:36:21.477] [info] Pixel (670.3,129.1) => yaw=5.9 deg, pitch=9.4 deg
[22:36:21.481] [info] Pixel (670.3,129.1) => yaw=5.9 deg, pitch=9.4 deg
[22:36:21.485] [info] Pixel (673.3,127.6) => yaw=6.0 deg, pitch=9.4 deg
[22:36:21.488] [info] Pixel (673.3,127.6) => yaw=6.0 deg, pitch=9.4 deg
[22:36:21.491] [info] Pixel (673.3,127.6) => yaw=6.0 deg, pitch=9.4 deg
[22:36:21.495] [info] Pixel (673.3,127.6) => yaw=6.0 deg, pitch=9.4 deg
[22:36:21.499] [info] Pixel (673.3,127.6) => yaw=6.0 deg, pitch=9.4 deg
[22:36:21.502] [info] Pixel (677.5,127.8) => yaw=6.1 deg, pitch=9.4 deg
[22:36:21.506] [info] Pixel (677.5,127.8) => yaw=6.1 deg, pitch=9.4 deg
[22:36:21.510] [info] Pixel (677.5,127.8) => yaw=6.1 deg, pitch=9.4 deg
[22:36:21.513] [info] Pixel (677.5,127.8) => yaw=6.1 deg, pitch=9.4 deg
[22:36:21.517] [info] Pixel (677.5,127.8) => yaw=6.1 deg, pitch=9.4 deg
[22:36:21.520] [info] Pixel (681.4,128.9) => yaw=6.3 deg, pitch=9.4 deg
[22:36:21.523] [info] Pixel (681.4,128.9) => yaw=6.3 deg, pitch=9.4 deg
[22:36:21.527] [info] Pixel (681.4,128.9) => yaw=6.3 deg, pitch=9.4 deg
[22:36:21.530] [info] Pixel (681.4,128.9) => yaw=6.3 deg, pitch=9.4 deg
[22:36:21.533] [info] Pixel (681.4,128.9) => yaw=6.3 deg, pitch=9.4 deg
[22:36:21.537] [info] Pixel (685.8,128.9) => yaw=6.4 deg, pitch=9.4 deg
[22:36:21.540] [info] Pixel (685.8,128.9) => yaw=6.4 deg, pitch=9.4 deg
[22:36:21.544] [info] Pixel (685.8,128.9) => yaw=6.4 deg, pitch=9.4 deg
[22:36:21.548] [info] Pixel (685.8,128.9) => yaw=6.4 deg, pitch=9.4 deg
[22:36:21.551] [info] Pixel (685.8,128.9) => yaw=6.4 deg, pitch=9.4 deg
[22:36:21.554] [info] Pixel (691.0,129.3) => yaw=6.6 deg, pitch=9.4 deg
[22:36:21.557] [info] Pixel (691.0,129.3) => yaw=6.6 deg, pitch=9.4 deg
[22:36:21.561] [info] Pixel (691.0,129.3) => yaw=6.6 deg, pitch=9.4 deg
[22:36:21.564] [info] Pixel (695.6,129.7) => yaw=6.8 deg, pitch=9.3 deg
[22:36:21.568] [info] Pixel (695.6,129.7) => yaw=6.8 deg, pitch=9.3 deg
[22:36:21.571] [info] Pixel (695.6,129.7) => yaw=6.8 deg, pitch=9.3 deg
[22:36:21.575] [info] Pixel (695.6,129.7) => yaw=6.8 deg, pitch=9.3 deg
[22:36:21.578] [info] Pixel (695.6,129.7) => yaw=6.8 deg, pitch=9.3 deg
[22:36:21.581] [info] Pixel (699.5,130.2) => yaw=6.9 deg, pitch=9.3 deg
[22:36:21.584] [info] Pixel (699.5,130.2) => yaw=6.9 deg, pitch=9.3 deg
[22:36:21.588] [info] Pixel (699.5,130.2) => yaw=6.9 deg, pitch=9.3 deg
[22:36:21.592] [info] Pixel (699.5,130.2) => yaw=6.9 deg, pitch=9.3 deg
[22:36:21.595] [info] Pixel (699.5,130.2) => yaw=6.9 deg, pitch=9.3 deg
[22:36:21.598] [info] Pixel (703.7,131.5) => yaw=7.1 deg, pitch=9.3 deg
[22:36:21.602] [info] Pixel (703.7,131.5) => yaw=7.1 deg, pitch=9.3 deg
[22:36:21.606] [info] Pixel (703.7,131.5) => yaw=7.1 deg, pitch=9.3 deg
[22:36:21.609] [info] Pixel (703.7,131.5) => yaw=7.1 deg, pitch=9.3 deg
[22:36:21.612] [info] Pixel (703.7,131.5) => yaw=7.1 deg, pitch=9.3 deg
[22:36:21.616] [info] Pixel (703.7,131.5) => yaw=7.1 deg, pitch=9.3 deg
[22:36:21.620] [info] Pixel (709.1,133.9) => yaw=7.3 deg, pitch=9.2 deg
[22:36:21.624] [info] Pixel (709.1,133.9) => yaw=7.3 deg, pitch=9.2 deg
[22:36:21.627] [info] Pixel (709.1,133.9) => yaw=7.3 deg, pitch=9.2 deg
[22:36:21.630] [info] Pixel (709.1,133.9) => yaw=7.3 deg, pitch=9.2 deg
[22:36:21.633] [info] Pixel (709.1,133.9) => yaw=7.3 deg, pitch=9.2 deg
[22:36:21.637] [info] Pixel (714.9,136.1) => yaw=7.5 deg, pitch=9.1 deg
[22:36:21.641] [info] Pixel (714.9,136.1) => yaw=7.5 deg, pitch=9.1 deg
[22:36:21.644] [info] Pixel (714.9,136.1) => yaw=7.5 deg, pitch=9.1 deg
[22:36:21.647] [info] Pixel (714.9,136.1) => yaw=7.5 deg, pitch=9.1 deg
[22:36:21.651] [info] Pixel (714.9,136.1) => yaw=7.5 deg, pitch=9.1 deg
[22:36:21.655] [info] Pixel (721.0,139.2) => yaw=7.7 deg, pitch=9.0 deg
[22:36:21.658] [info] Pixel (721.0,139.2) => yaw=7.7 deg, pitch=9.0 deg
[22:36:21.662] [info] Pixel (721.0,139.2) => yaw=7.7 deg, pitch=9.0 deg
[22:36:21.665] [info] Pixel (721.0,139.2) => yaw=7.7 deg, pitch=9.0 deg
[22:36:21.669] [info] Pixel (721.0,139.2) => yaw=7.7 deg, pitch=9.0 deg
[22:36:21.673] [info] Pixel (728.0,142.4) => yaw=8.0 deg, pitch=8.9 deg
[22:36:21.677] [info] Pixel (728.0,142.4) => yaw=8.0 deg, pitch=8.9 deg
[22:36:21.680] [info] Pixel (735.4,145.9) => yaw=8.2 deg, pitch=8.7 deg
[22:36:21.683] [info] Pixel (735.4,145.9) => yaw=8.2 deg, pitch=8.7 deg
[22:36:21.687] [info] Pixel (735.4,145.9) => yaw=8.2 deg, pitch=8.7 deg
[22:36:21.691] [info] Pixel (735.4,145.9) => yaw=8.2 deg, pitch=8.7 deg
[22:36:21.695] [info] Pixel (735.4,145.9) => yaw=8.2 deg, pitch=8.7 deg
[22:36:21.697] [info] Pixel (744.6,150.9) => yaw=8.6 deg, pitch=8.5 deg
[22:36:21.701] [info] Pixel (744.6,150.9) => yaw=8.6 deg, pitch=8.5 deg
[22:36:21.704] [info] Pixel (744.6,150.9) => yaw=8.6 deg, pitch=8.5 deg
[22:36:21.709] [info] Pixel (744.6,150.9) => yaw=8.6 deg, pitch=8.5 deg
[22:36:21.712] [info] Pixel (744.6,150.9) => yaw=8.6 deg, pitch=8.5 deg
[22:36:21.715] [info] Pixel (744.6,150.9) => yaw=8.6 deg, pitch=8.5 deg
[22:36:21.718] [info] Pixel (755.8,157.5) => yaw=9.0 deg, pitch=8.3 deg
[22:36:21.722] [info] Pixel (755.8,157.5) => yaw=9.0 deg, pitch=8.3 deg
[22:36:21.726] [info] Pixel (755.8,157.5) => yaw=9.0 deg, pitch=8.3 deg
[22:36:21.729] [info] Pixel (755.8,157.5) => yaw=9.0 deg, pitch=8.3 deg
[22:36:21.733] [info] Pixel (755.8,157.5) => yaw=9.0 deg, pitch=8.3 deg
[22:36:21.736] [info] Pixel (767.9,164.4) => yaw=9.4 deg, pitch=8.1 deg
[22:36:21.740] [info] Pixel (767.9,164.4) => yaw=9.4 deg, pitch=8.1 deg
[22:36:21.744] [info] Pixel (767.9,164.4) => yaw=9.4 deg, pitch=8.1 deg
[22:36:21.747] [info] Pixel (767.9,164.4) => yaw=9.4 deg, pitch=8.1 deg
[22:36:21.750] [info] Pixel (767.9,164.4) => yaw=9.4 deg, pitch=8.1 deg
[22:36:21.753] [info] Pixel (780.7,173.0) => yaw=9.9 deg, pitch=7.7 deg
[22:36:21.757] [info] Pixel (780.7,173.0) => yaw=9.9 deg, pitch=7.7 deg
[22:36:21.761] [info] Pixel (780.7,173.0) => yaw=9.9 deg, pitch=7.7 deg
[22:36:21.764] [info] Pixel (780.7,173.0) => yaw=9.9 deg, pitch=7.7 deg
[22:36:21.766] [info] Pixel (780.7,173.0) => yaw=9.9 deg, pitch=7.7 deg
[22:36:21.770] [info] Pixel (795.6,181.3) => yaw=10.4 deg, pitch=7.4 deg
[22:36:21.773] [info] Pixel (795.6,181.3) => yaw=10.4 deg, pitch=7.4 deg
[22:36:21.778] [info] Pixel (795.6,181.3) => yaw=10.4 deg, pitch=7.4 deg
[22:36:21.781] [info] Pixel (809.8,191.0) => yaw=10.9 deg, pitch=7.1 deg
[22:36:21.784] [info] Pixel (809.8,191.0) => yaw=10.9 deg, pitch=7.1 deg
[22:36:21.787] [info] Pixel (809.8,191.0) => yaw=10.9 deg, pitch=7.1 deg
[22:36:21.790] [info] Pixel (809.8,191.0) => yaw=10.9 deg, pitch=7.1 deg
[22:36:21.795] [info] Pixel (809.8,191.0) => yaw=10.9 deg, pitch=7.1 deg
[22:36:21.799] [info] Pixel (824.5,202.0) => yaw=11.5 deg, pitch=6.7 deg
[22:36:21.802] [info] Pixel (824.5,202.0) => yaw=11.5 deg, pitch=6.7 deg
[22:36:21.805] [info] Pixel (824.5,202.0) => yaw=11.5 deg, pitch=6.7 deg
[22:36:21.809] [info] Pixel (824.5,202.0) => yaw=11.5 deg, pitch=6.7 deg
[22:36:21.813] [info] Pixel (824.5,202.0) => yaw=11.5 deg, pitch=6.7 deg
[22:36:21.816] [info] Pixel (839.5,212.9) => yaw=12.0 deg, pitch=6.3 deg
[22:36:21.820] [info] Pixel (839.5,212.9) => yaw=12.0 deg, pitch=6.3 deg
[22:36:21.823] [info] Pixel (839.5,212.9) => yaw=12.0 deg, pitch=6.3 deg
[22:36:21.827] [info] Pixel (839.5,212.9) => yaw=12.0 deg, pitch=6.3 deg
[22:36:21.831] [info] Pixel (839.5,212.9) => yaw=12.0 deg, pitch=6.3 deg
[22:36:21.835] [info] Pixel (853.8,223.1) => yaw=12.5 deg, pitch=5.9 deg
[22:36:21.838] [info] Pixel (853.8,223.1) => yaw=12.5 deg, pitch=5.9 deg
[22:36:21.842] [info] Pixel (853.8,223.1) => yaw=12.5 deg, pitch=5.9 deg
[22:36:21.845] [info] Pixel (853.8,223.1) => yaw=12.5 deg, pitch=5.9 deg
[22:36:21.849] [info] Pixel (853.8,223.1) => yaw=12.5 deg, pitch=5.9 deg
[22:36:21.852] [info] Pixel (868.8,233.0) => yaw=13.0 deg, pitch=5.5 deg
[22:36:21.855] [info] Pixel (868.8,233.0) => yaw=13.0 deg, pitch=5.5 deg
[22:36:21.859] [info] Pixel (868.8,233.0) => yaw=13.0 deg, pitch=5.5 deg
[22:36:21.864] [info] Pixel (868.8,233.0) => yaw=13.0 deg, pitch=5.5 deg
[22:36:21.868] [info] Pixel (868.8,233.0) => yaw=13.0 deg, pitch=5.5 deg
[22:36:21.871] [info] Pixel (882.8,242.1) => yaw=13.5 deg, pitch=5.2 deg
[22:36:21.875] [info] Pixel (882.8,242.1) => yaw=13.5 deg, pitch=5.2 deg
[22:36:21.880] [info] Pixel (882.8,242.1) => yaw=13.5 deg, pitch=5.2 deg
[22:36:21.883] [info] Pixel (882.8,242.1) => yaw=13.5 deg, pitch=5.2 deg
[22:36:21.886] [info] Pixel (895.6,251.0) => yaw=14.0 deg, pitch=4.9 deg
[22:36:21.890] [info] Pixel (895.6,251.0) => yaw=14.0 deg, pitch=4.9 deg
[22:36:21.893] [info] Pixel (895.6,251.0) => yaw=14.0 deg, pitch=4.9 deg
[22:36:21.897] [info] Pixel (906.8,259.6) => yaw=14.4 deg, pitch=4.5 deg
[22:36:21.900] [info] Pixel (906.8,259.6) => yaw=14.4 deg, pitch=4.5 deg
[22:36:21.904] [info] Pixel (906.8,259.6) => yaw=14.4 deg, pitch=4.5 deg
[22:36:21.907] [info] Pixel (906.8,259.6) => yaw=14.4 deg, pitch=4.5 deg
[22:36:21.911] [info] Pixel (906.8,259.6) => yaw=14.4 deg, pitch=4.5 deg
[22:36:21.916] [info] Pixel (915.9,267.4) => yaw=14.7 deg, pitch=4.3 deg
[22:36:21.920] [info] Pixel (915.9,267.4) => yaw=14.7 deg, pitch=4.3 deg
[22:36:21.924] [info] Pixel (915.9,267.4) => yaw=14.7 deg, pitch=4.3 deg
[22:36:21.928] [info] Pixel (915.9,267.4) => yaw=14.7 deg, pitch=4.3 deg
[22:36:21.931] [info] Pixel (915.9,267.4) => yaw=14.7 deg, pitch=4.3 deg
[22:36:21.935] [info] Pixel (924.3,273.9) => yaw=15.0 deg, pitch=4.0 deg
[22:36:21.939] [info] Pixel (924.3,273.9) => yaw=15.0 deg, pitch=4.0 deg
[22:36:21.943] [info] Pixel (924.3,273.9) => yaw=15.0 deg, pitch=4.0 deg
[22:36:21.946] [info] Pixel (924.3,273.9) => yaw=15.0 deg, pitch=4.0 deg
[22:36:21.949] [info] Pixel (924.3,273.9) => yaw=15.0 deg, pitch=4.0 deg
[22:36:21.952] [info] Pixel (930.3,280.6) => yaw=15.2 deg, pitch=3.8 deg
[22:36:21.956] [info] Pixel (930.3,280.6) => yaw=15.2 deg, pitch=3.8 deg
[22:36:21.960] [info] Pixel (930.3,280.6) => yaw=15.2 deg, pitch=3.8 deg
[22:36:21.963] [info] Pixel (930.3,280.6) => yaw=15.2 deg, pitch=3.8 deg
[22:36:21.967] [info] Pixel (930.3,280.6) => yaw=15.2 deg, pitch=3.8 deg
[22:36:21.970] [info] Pixel (933.4,286.4) => yaw=15.3 deg, pitch=3.6 deg
[22:36:21.973] [info] Pixel (933.4,286.4) => yaw=15.3 deg, pitch=3.6 deg
[22:36:21.977] [info] Pixel (933.4,286.4) => yaw=15.3 deg, pitch=3.6 deg
[22:36:21.980] [info] Pixel (933.4,286.4) => yaw=15.3 deg, pitch=3.6 deg
[22:36:21.983] [info] Pixel (933.4,286.4) => yaw=15.3 deg, pitch=3.6 deg
[22:36:21.987] [info] Pixel (936.4,291.9) => yaw=15.4 deg, pitch=3.4 deg
[22:36:21.990] [info] Pixel (936.4,291.9) => yaw=15.4 deg, pitch=3.4 deg
[22:36:21.994] [info] Pixel (936.4,291.9) => yaw=15.4 deg, pitch=3.4 deg
[22:36:21.997] [info] Pixel (936.4,291.9) => yaw=15.4 deg, pitch=3.4 deg
[22:36:22.000] [info] Pixel (936.4,291.9) => yaw=15.4 deg, pitch=3.4 deg
[22:36:22.004] [info] Pixel (937.3,297.5) => yaw=15.4 deg, pitch=3.2 deg
[22:36:22.008] [info] Pixel (937.3,297.5) => yaw=15.4 deg, pitch=3.2 deg
[22:36:22.011] [info] Pixel (937.3,297.5) => yaw=15.4 deg, pitch=3.2 deg
[22:36:22.015] [info] Pixel (937.0,303.4) => yaw=15.4 deg, pitch=3.0 deg
[22:36:22.018] [info] Pixel (937.0,303.4) => yaw=15.4 deg, pitch=3.0 deg
[22:36:22.021] [info] Pixel (937.0,303.4) => yaw=15.4 deg, pitch=3.0 deg
[22:36:22.025] [info] Pixel (937.0,303.4) => yaw=15.4 deg, pitch=3.0 deg
[22:36:22.029] [info] Pixel (937.0,303.4) => yaw=15.4 deg, pitch=3.0 deg
[22:36:22.031] [info] Pixel (935.7,310.3) => yaw=15.4 deg, pitch=2.7 deg
[22:36:22.035] [info] Pixel (935.7,310.3) => yaw=15.4 deg, pitch=2.7 deg
[22:36:22.035] [info] [frame detector] avg 300 frame delay: 2.445 ms
[22:36:22.039] [info] Pixel (935.7,310.3) => yaw=15.4 deg, pitch=2.7 deg
[22:36:22.043] [info] Pixel (935.7,310.3) => yaw=15.4 deg, pitch=2.7 deg
[22:36:22.046] [info] Pixel (935.7,310.3) => yaw=15.4 deg, pitch=2.7 deg
[22:36:22.049] [info] Pixel (933.7,316.3) => yaw=15.3 deg, pitch=2.5 deg
[22:36:22.052] [info] Pixel (933.7,316.3) => yaw=15.3 deg, pitch=2.5 deg
[22:36:22.057] [info] Pixel (933.7,316.3) => yaw=15.3 deg, pitch=2.5 deg
[22:36:22.061] [info] Pixel (933.7,316.3) => yaw=15.3 deg, pitch=2.5 deg
[22:36:22.064] [info] Pixel (933.7,316.3) => yaw=15.3 deg, pitch=2.5 deg
[22:36:22.067] [info] Pixel (931.2,322.8) => yaw=15.2 deg, pitch=2.3 deg
[22:36:22.070] [info] Pixel (931.2,322.8) => yaw=15.2 deg, pitch=2.3 deg
[22:36:22.075] [info] Pixel (931.2,322.8) => yaw=15.2 deg, pitch=2.3 deg
[22:36:22.079] [info] Pixel (931.2,322.8) => yaw=15.2 deg, pitch=2.3 deg
[22:36:22.082] [info] Pixel (931.2,322.8) => yaw=15.2 deg, pitch=2.3 deg
[22:36:22.085] [info] Pixel (928.1,329.4) => yaw=15.1 deg, pitch=2.0 deg
[22:36:22.088] [info] Pixel (928.1,329.4) => yaw=15.1 deg, pitch=2.0 deg
[22:36:22.092] [info] Pixel (928.1,329.4) => yaw=15.1 deg, pitch=2.0 deg
[22:36:22.096] [info] Pixel (928.1,329.4) => yaw=15.1 deg, pitch=2.0 deg
[22:36:22.099] [info] Pixel (928.1,329.4) => yaw=15.1 deg, pitch=2.0 deg
[22:36:22.102] [info] Pixel (923.4,336.1) => yaw=15.0 deg, pitch=1.8 deg
[22:36:22.105] [info] Pixel (923.4,336.1) => yaw=15.0 deg, pitch=1.8 deg
[22:36:22.109] [info] Pixel (923.4,336.1) => yaw=15.0 deg, pitch=1.8 deg
[22:36:22.114] [info] Pixel (923.4,336.1) => yaw=15.0 deg, pitch=1.8 deg
[22:36:22.117] [info] Pixel (918.1,343.6) => yaw=14.8 deg, pitch=1.5 deg
[22:36:22.121] [info] Pixel (918.1,343.6) => yaw=14.8 deg, pitch=1.5 deg
[22:36:22.124] [info] Pixel (918.1,343.6) => yaw=14.8 deg, pitch=1.5 deg
[22:36:22.128] [info] Pixel (918.1,343.6) => yaw=14.8 deg, pitch=1.5 deg
[22:36:22.131] [info] Pixel (913.2,351.4) => yaw=14.6 deg, pitch=1.3 deg
[22:36:22.134] [info] Pixel (913.2,351.4) => yaw=14.6 deg, pitch=1.3 deg
[22:36:22.138] [info] Pixel (913.2,351.4) => yaw=14.6 deg, pitch=1.3 deg
[22:36:22.142] [info] Pixel (913.2,351.4) => yaw=14.6 deg, pitch=1.3 deg
[22:36:22.146] [info] Pixel (913.2,351.4) => yaw=14.6 deg, pitch=1.3 deg
[22:36:22.150] [info] Pixel (908.6,358.3) => yaw=14.4 deg, pitch=1.0 deg
[22:36:22.153] [info] Pixel (908.6,358.3) => yaw=14.4 deg, pitch=1.0 deg
[22:36:22.157] [info] Pixel (908.6,358.3) => yaw=14.4 deg, pitch=1.0 deg
[22:36:22.161] [info] Pixel (908.6,358.3) => yaw=14.4 deg, pitch=1.0 deg
[22:36:22.165] [info] Pixel (908.6,358.3) => yaw=14.4 deg, pitch=1.0 deg
[22:36:22.168] [info] Pixel (905.1,364.9) => yaw=14.3 deg, pitch=0.8 deg
[22:36:22.171] [info] Pixel (905.1,364.9) => yaw=14.3 deg, pitch=0.8 deg
[22:36:22.175] [info] Pixel (905.1,364.9) => yaw=14.3 deg, pitch=0.8 deg
[22:36:22.178] [info] Pixel (905.1,364.9) => yaw=14.3 deg, pitch=0.8 deg
[22:36:22.183] [info] Pixel (905.1,364.9) => yaw=14.3 deg, pitch=0.8 deg
[22:36:22.187] [info] Pixel (902.3,370.3) => yaw=14.2 deg, pitch=0.6 deg
[22:36:22.190] [info] Pixel (902.3,370.3) => yaw=14.2 deg, pitch=0.6 deg
[22:36:22.194] [info] Pixel (902.3,370.3) => yaw=14.2 deg, pitch=0.6 deg
[22:36:22.196] [info] Pixel (902.3,370.3) => yaw=14.2 deg, pitch=0.6 deg
[22:36:22.200] [info] Pixel (902.3,370.3) => yaw=14.2 deg, pitch=0.6 deg
[22:36:22.204] [info] Pixel (900.5,374.4) => yaw=14.1 deg, pitch=0.4 deg
[22:36:22.207] [info] Pixel (900.5,374.4) => yaw=14.1 deg, pitch=0.4 deg
[22:36:22.210] [info] Pixel (900.5,374.4) => yaw=14.1 deg, pitch=0.4 deg
[22:36:22.213] [info] Pixel (900.5,374.4) => yaw=14.1 deg, pitch=0.4 deg
[22:36:22.217] [info] Pixel (900.5,374.4) => yaw=14.1 deg, pitch=0.4 deg
[22:36:22.220] [info] Pixel (899.6,378.2) => yaw=14.1 deg, pitch=0.3 deg
[22:36:22.224] [info] Pixel (899.6,378.2) => yaw=14.1 deg, pitch=0.3 deg
[22:36:22.227] [info] Pixel (899.6,378.2) => yaw=14.1 deg, pitch=0.3 deg
[22:36:22.230] [info] Pixel (898.6,381.3) => yaw=14.1 deg, pitch=0.2 deg
[22:36:22.234] [info] Pixel (898.6,381.3) => yaw=14.1 deg, pitch=0.2 deg
[22:36:22.237] [info] Pixel (898.6,381.3) => yaw=14.1 deg, pitch=0.2 deg
[22:36:22.241] [info] Pixel (898.6,381.3) => yaw=14.1 deg, pitch=0.2 deg
[22:36:22.245] [info] Pixel (898.6,381.3) => yaw=14.1 deg, pitch=0.2 deg
[22:36:22.248] [info] Pixel (898.2,383.8) => yaw=14.1 deg, pitch=0.1 deg
[22:36:22.251] [info] Pixel (898.2,383.8) => yaw=14.1 deg, pitch=0.1 deg
[22:36:22.255] [info] Pixel (898.2,383.8) => yaw=14.1 deg, pitch=0.1 deg
[22:36:22.258] [info] Pixel (898.2,383.8) => yaw=14.1 deg, pitch=0.1 deg
[22:36:22.261] [info] Pixel (898.2,383.8) => yaw=14.1 deg, pitch=0.1 deg
[22:36:22.265] [info] Pixel (897.6,386.6) => yaw=14.0 deg, pitch=-0.0 deg
[22:36:22.268] [info] Pixel (897.6,386.6) => yaw=14.0 deg, pitch=-0.0 deg
[22:36:22.271] [info] Pixel (897.6,386.6) => yaw=14.0 deg, pitch=-0.0 deg
[22:36:22.276] [info] Pixel (897.6,386.6) => yaw=14.0 deg, pitch=-0.0 deg
[22:36:22.280] [info] Pixel (897.6,386.6) => yaw=14.0 deg, pitch=-0.0 deg
[22:36:22.283] [info] Pixel (896.6,389.2) => yaw=14.0 deg, pitch=-0.1 deg
[22:36:22.286] [info] Pixel (896.6,389.2) => yaw=14.0 deg, pitch=-0.1 deg
[22:36:22.290] [info] Pixel (896.6,389.2) => yaw=14.0 deg, pitch=-0.1 deg
[22:36:22.294] [info] Pixel (896.6,389.2) => yaw=14.0 deg, pitch=-0.1 deg
[22:36:22.297] [info] Pixel (896.6,389.2) => yaw=14.0 deg, pitch=-0.1 deg
[22:36:22.300] [info] Pixel (896.6,389.2) => yaw=14.0 deg, pitch=-0.1 deg
[22:36:22.303] [info] Pixel (895.9,391.6) => yaw=14.0 deg, pitch=-0.2 deg
[22:36:22.308] [info] Pixel (895.9,391.6) => yaw=14.0 deg, pitch=-0.2 deg
[22:36:22.312] [info] Pixel (895.9,391.6) => yaw=14.0 deg, pitch=-0.2 deg
[22:36:22.315] [info] Pixel (895.9,391.6) => yaw=14.0 deg, pitch=-0.2 deg
[22:36:22.319] [info] Pixel (895.8,393.5) => yaw=14.0 deg, pitch=-0.3 deg
[22:36:22.323] [info] Pixel (895.8,393.5) => yaw=14.0 deg, pitch=-0.3 deg
[22:36:22.327] [info] Pixel (895.8,393.5) => yaw=14.0 deg, pitch=-0.3 deg
[22:36:22.330] [info] Pixel (895.8,393.5) => yaw=14.0 deg, pitch=-0.3 deg
[22:36:22.333] [info] Pixel (895.8,393.5) => yaw=14.0 deg, pitch=-0.3 deg
[22:36:22.336] [info] Pixel (895.4,395.2) => yaw=14.0 deg, pitch=-0.3 deg
[22:36:22.340] [info] Pixel (895.4,395.2) => yaw=14.0 deg, pitch=-0.3 deg
[22:36:22.345] [info] Pixel (895.4,395.2) => yaw=14.0 deg, pitch=-0.3 deg
[22:36:22.348] [info] Pixel (895.4,395.2) => yaw=14.0 deg, pitch=-0.3 deg
[22:36:22.351] [info] Pixel (895.4,395.2) => yaw=14.0 deg, pitch=-0.3 deg
[22:36:22.354] [info] Pixel (895.4,395.2) => yaw=14.0 deg, pitch=-0.3 deg
[22:36:22.358] [info] Pixel (894.2,397.0) => yaw=13.9 deg, pitch=-0.4 deg
[22:36:22.362] [info] Pixel (894.2,397.0) => yaw=13.9 deg, pitch=-0.4 deg
[22:36:22.365] [info] Pixel (892.3,399.4) => yaw=13.9 deg, pitch=-0.5 deg
[22:36:22.368] [info] Pixel (892.3,399.4) => yaw=13.9 deg, pitch=-0.5 deg
[22:36:22.372] [info] Pixel (892.3,399.4) => yaw=13.9 deg, pitch=-0.5 deg
[22:36:22.376] [info] Pixel (892.3,399.4) => yaw=13.9 deg, pitch=-0.5 deg
[22:36:22.380] [info] Pixel (892.3,399.4) => yaw=13.9 deg, pitch=-0.5 deg
[22:36:22.383] [info] Pixel (889.9,402.2) => yaw=13.8 deg, pitch=-0.6 deg
[22:36:22.386] [info] Pixel (889.9,402.2) => yaw=13.8 deg, pitch=-0.6 deg
[22:36:22.391] [info] Pixel (889.9,402.2) => yaw=13.8 deg, pitch=-0.6 deg
[22:36:22.394] [info] Pixel (889.9,402.2) => yaw=13.8 deg, pitch=-0.6 deg
[22:36:22.398] [info] Pixel (889.9,402.2) => yaw=13.8 deg, pitch=-0.6 deg
[22:36:22.401] [info] Pixel (887.6,405.0) => yaw=13.7 deg, pitch=-0.7 deg
[22:36:22.404] [info] Pixel (887.6,405.0) => yaw=13.7 deg, pitch=-0.7 deg
[22:36:22.408] [info] Pixel (887.6,405.0) => yaw=13.7 deg, pitch=-0.7 deg
[22:36:22.412] [info] Pixel (887.6,405.0) => yaw=13.7 deg, pitch=-0.7 deg
[22:36:22.415] [info] Pixel (887.6,405.0) => yaw=13.7 deg, pitch=-0.7 deg
[22:36:22.418] [info] Pixel (884.9,408.0) => yaw=13.6 deg, pitch=-0.8 deg
[22:36:22.421] [info] Pixel (884.9,408.0) => yaw=13.6 deg, pitch=-0.8 deg
[22:36:22.426] [info] Pixel (884.9,408.0) => yaw=13.6 deg, pitch=-0.8 deg
[22:36:22.429] [info] Pixel (884.9,408.0) => yaw=13.6 deg, pitch=-0.8 deg
[22:36:22.433] [info] Pixel (884.9,408.0) => yaw=13.6 deg, pitch=-0.8 deg
[22:36:22.436] [info] Pixel (882.2,410.9) => yaw=13.5 deg, pitch=-0.9 deg
[22:36:22.439] [info] Pixel (882.2,410.9) => yaw=13.5 deg, pitch=-0.9 deg
[22:36:22.444] [info] Pixel (882.2,410.9) => yaw=13.5 deg, pitch=-0.9 deg
[22:36:22.448] [info] Pixel (882.2,410.9) => yaw=13.5 deg, pitch=-0.9 deg
[22:36:22.452] [info] Pixel (878.9,414.1) => yaw=13.4 deg, pitch=-1.0 deg
[22:36:22.455] [info] Pixel (878.9,414.1) => yaw=13.4 deg, pitch=-1.0 deg
[22:36:22.458] [info] Pixel (878.9,414.1) => yaw=13.4 deg, pitch=-1.0 deg
[22:36:22.462] [info] Pixel (878.9,414.1) => yaw=13.4 deg, pitch=-1.0 deg
[22:36:22.465] [info] Pixel (875.7,417.7) => yaw=13.3 deg, pitch=-1.1 deg
[22:36:22.469] [info] Pixel (875.7,417.7) => yaw=13.3 deg, pitch=-1.1 deg
[22:36:22.473] [info] Pixel (875.7,417.7) => yaw=13.3 deg, pitch=-1.1 deg
[22:36:22.476] [info] Pixel (875.7,417.7) => yaw=13.3 deg, pitch=-1.1 deg
[22:36:22.480] [info] Pixel (875.7,417.7) => yaw=13.3 deg, pitch=-1.1 deg
[22:36:22.483] [info] Pixel (872.9,420.2) => yaw=13.2 deg, pitch=-1.2 deg
[22:36:22.486] [info] Pixel (872.9,420.2) => yaw=13.2 deg, pitch=-1.2 deg
[22:36:22.490] [info] Pixel (872.9,420.2) => yaw=13.2 deg, pitch=-1.2 deg
[22:36:22.493] [info] Pixel (872.9,420.2) => yaw=13.2 deg, pitch=-1.2 deg
[22:36:22.497] [info] Pixel (872.9,420.2) => yaw=13.2 deg, pitch=-1.2 deg
[22:36:22.500] [info] Pixel (871.2,422.2) => yaw=13.1 deg, pitch=-1.3 deg
[22:36:22.504] [info] Pixel (871.2,422.2) => yaw=13.1 deg, pitch=-1.3 deg
[22:36:22.508] [info] Pixel (871.2,422.2) => yaw=13.1 deg, pitch=-1.3 deg
[22:36:22.512] [info] Pixel (871.2,422.2) => yaw=13.1 deg, pitch=-1.3 deg
[22:36:22.516] [info] Pixel (871.2,422.2) => yaw=13.1 deg, pitch=-1.3 deg
[22:36:22.520] [info] Pixel (870.3,422.4) => yaw=13.1 deg, pitch=-1.3 deg
[22:36:22.523] [info] Pixel (870.3,422.4) => yaw=13.1 deg, pitch=-1.3 deg
[22:36:22.527] [info] Pixel (870.3,422.4) => yaw=13.1 deg, pitch=-1.3 deg
[22:36:22.530] [info] Pixel (870.3,422.4) => yaw=13.1 deg, pitch=-1.3 deg
[22:36:22.535] [info] Pixel (870.3,422.4) => yaw=13.1 deg, pitch=-1.3 deg
[22:36:22.538] [info] Pixel (869.7,421.5) => yaw=13.1 deg, pitch=-1.3 deg
[22:36:22.542] [info] Pixel (869.7,421.5) => yaw=13.1 deg, pitch=-1.3 deg
[22:36:22.545] [info] Pixel (869.7,421.5) => yaw=13.1 deg, pitch=-1.3 deg
[22:36:22.549] [info] Pixel (869.7,421.5) => yaw=13.1 deg, pitch=-1.3 deg
[22:36:22.552] [info] Pixel (869.7,421.5) => yaw=13.1 deg, pitch=-1.3 deg
[22:36:22.555] [info] Pixel (869.7,419.7) => yaw=13.1 deg, pitch=-1.2 deg
[22:36:22.559] [info] Pixel (869.7,419.7) => yaw=13.1 deg, pitch=-1.2 deg
[22:36:22.562] [info] Pixel (869.7,419.7) => yaw=13.1 deg, pitch=-1.2 deg
[22:36:22.565] [info] Pixel (870.0,417.3) => yaw=13.1 deg, pitch=-1.1 deg
[22:36:22.569] [info] Pixel (870.0,417.3) => yaw=13.1 deg, pitch=-1.1 deg
[22:36:22.573] [info] Pixel (870.0,417.3) => yaw=13.1 deg, pitch=-1.1 deg
[22:36:22.577] [info] Pixel (870.0,417.3) => yaw=13.1 deg, pitch=-1.1 deg
[22:36:22.580] [info] Pixel (871.1,413.0) => yaw=13.1 deg, pitch=-1.0 deg
[22:36:22.584] [info] Pixel (871.1,413.0) => yaw=13.1 deg, pitch=-1.0 deg
[22:36:22.588] [info] Pixel (871.1,413.0) => yaw=13.1 deg, pitch=-1.0 deg
[22:36:22.592] [info] Pixel (871.1,413.0) => yaw=13.1 deg, pitch=-1.0 deg
[22:36:22.596] [info] Pixel (871.1,413.0) => yaw=13.1 deg, pitch=-1.0 deg
[22:36:22.599] [info] Pixel (873.5,407.3) => yaw=13.2 deg, pitch=-0.8 deg
[22:36:22.603] [info] Pixel (873.5,407.3) => yaw=13.2 deg, pitch=-0.8 deg
[22:36:22.607] [info] Pixel (873.5,407.3) => yaw=13.2 deg, pitch=-0.8 deg
[22:36:22.611] [info] Pixel (873.5,407.3) => yaw=13.2 deg, pitch=-0.8 deg
[22:36:22.614] [info] Pixel (873.5,407.3) => yaw=13.2 deg, pitch=-0.8 deg
[22:36:22.617] [info] Pixel (876.6,400.4) => yaw=13.3 deg, pitch=-0.5 deg
[22:36:22.621] [info] Pixel (876.6,400.4) => yaw=13.3 deg, pitch=-0.5 deg
[22:36:22.625] [info] Pixel (876.6,400.4) => yaw=13.3 deg, pitch=-0.5 deg
[22:36:22.628] [info] Pixel (876.6,400.4) => yaw=13.3 deg, pitch=-0.5 deg
[22:36:22.632] [info] Pixel (876.6,400.4) => yaw=13.3 deg, pitch=-0.5 deg
[22:36:22.635] [info] Pixel (879.4,393.1) => yaw=13.4 deg, pitch=-0.2 deg
[22:36:22.638] [info] Pixel (879.4,393.1) => yaw=13.4 deg, pitch=-0.2 deg
[22:36:22.643] [info] Pixel (879.4,393.1) => yaw=13.4 deg, pitch=-0.2 deg
[22:36:22.646] [info] Pixel (879.4,393.1) => yaw=13.4 deg, pitch=-0.2 deg
[22:36:22.650] [info] Pixel (879.4,393.1) => yaw=13.4 deg, pitch=-0.2 deg
[22:36:22.653] [info] Pixel (882.2,385.7) => yaw=13.5 deg, pitch=0.0 deg
[22:36:22.658] [info] Pixel (882.2,385.7) => yaw=13.5 deg, pitch=0.0 deg
[22:36:22.661] [info] Pixel (882.2,385.7) => yaw=13.5 deg, pitch=0.0 deg
[22:36:22.664] [info] Pixel (882.2,385.7) => yaw=13.5 deg, pitch=0.0 deg
[22:36:22.667] [info] Pixel (882.2,385.7) => yaw=13.5 deg, pitch=0.0 deg
[22:36:22.670] [info] Pixel (884.1,379.1) => yaw=13.6 deg, pitch=0.3 deg
[22:36:22.674] [info] Pixel (884.1,379.1) => yaw=13.6 deg, pitch=0.3 deg
[22:36:22.678] [info] Pixel (884.1,379.1) => yaw=13.6 deg, pitch=0.3 deg
[22:36:22.682] [info] Pixel (884.1,379.1) => yaw=13.6 deg, pitch=0.3 deg
[22:36:22.685] [info] Pixel (884.1,379.1) => yaw=13.6 deg, pitch=0.3 deg
[22:36:22.688] [info] Pixel (887.0,372.5) => yaw=13.7 deg, pitch=0.5 deg
[22:36:22.691] [info] Pixel (887.0,372.5) => yaw=13.7 deg, pitch=0.5 deg
[22:36:22.695] [info] Pixel (887.0,372.5) => yaw=13.7 deg, pitch=0.5 deg
[22:36:22.698] [info] Pixel (890.4,366.0) => yaw=13.8 deg, pitch=0.7 deg
[22:36:22.702] [info] Pixel (890.4,366.0) => yaw=13.8 deg, pitch=0.7 deg
[22:36:22.705] [info] Pixel (890.4,366.0) => yaw=13.8 deg, pitch=0.7 deg
[22:36:22.709] [info] Pixel (890.4,366.0) => yaw=13.8 deg, pitch=0.7 deg
[22:36:22.713] [info] Pixel (890.4,366.0) => yaw=13.8 deg, pitch=0.7 deg
[22:36:22.717] [info] Pixel (893.7,359.7) => yaw=13.9 deg, pitch=1.0 deg
[22:36:22.719] [info] Pixel (893.7,359.7) => yaw=13.9 deg, pitch=1.0 deg
[22:36:22.723] [info] Pixel (893.7,359.7) => yaw=13.9 deg, pitch=1.0 deg
[22:36:22.728] [info] Pixel (893.7,359.7) => yaw=13.9 deg, pitch=1.0 deg
[22:36:22.731] [info] Pixel (893.7,359.7) => yaw=13.9 deg, pitch=1.0 deg
[22:36:22.735] [info] Pixel (896.4,354.4) => yaw=14.0 deg, pitch=1.1 deg
[22:36:22.738] [info] Pixel (896.4,354.4) => yaw=14.0 deg, pitch=1.1 deg
[22:36:22.743] [info] Pixel (896.4,354.4) => yaw=14.0 deg, pitch=1.1 deg
[22:36:22.746] [info] Pixel (896.4,354.4) => yaw=14.0 deg, pitch=1.1 deg
[22:36:22.750] [info] Pixel (896.4,354.4) => yaw=14.0 deg, pitch=1.1 deg
[22:36:22.753] [info] Pixel (898.5,350.3) => yaw=14.1 deg, pitch=1.3 deg
[22:36:22.756] [info] Pixel (898.5,350.3) => yaw=14.1 deg, pitch=1.3 deg
[22:36:22.760] [info] Pixel (898.5,350.3) => yaw=14.1 deg, pitch=1.3 deg
[22:36:22.763] [info] Pixel (898.5,350.3) => yaw=14.1 deg, pitch=1.3 deg
[22:36:22.767] [info] Pixel (898.5,350.3) => yaw=14.1 deg, pitch=1.3 deg
[22:36:22.770] [info] Pixel (899.3,347.7) => yaw=14.1 deg, pitch=1.4 deg
[22:36:22.774] [info] Pixel (899.3,347.7) => yaw=14.1 deg, pitch=1.4 deg
[22:36:22.778] [info] Pixel (899.3,347.7) => yaw=14.1 deg, pitch=1.4 deg
[22:36:22.782] [info] Pixel (899.3,347.7) => yaw=14.1 deg, pitch=1.4 deg
[22:36:22.786] [info] Pixel (899.3,347.7) => yaw=14.1 deg, pitch=1.4 deg
[22:36:22.788] [info] Pixel (899.4,346.5) => yaw=14.1 deg, pitch=1.4 deg
[22:36:22.792] [info] Pixel (899.4,346.5) => yaw=14.1 deg, pitch=1.4 deg
[22:36:22.795] [info] Pixel (899.4,346.5) => yaw=14.1 deg, pitch=1.4 deg
[22:36:22.799] [info] Pixel (898.7,346.8) => yaw=14.1 deg, pitch=1.4 deg
[22:36:22.803] [info] Pixel (898.7,346.8) => yaw=14.1 deg, pitch=1.4 deg
[22:36:22.806] [info] Pixel (898.7,346.8) => yaw=14.1 deg, pitch=1.4 deg
[22:36:22.809] [info] Pixel (898.7,346.8) => yaw=14.1 deg, pitch=1.4 deg
[22:36:22.813] [info] Pixel (898.7,346.8) => yaw=14.1 deg, pitch=1.4 deg
[22:36:22.816] [info] Pixel (898.0,347.8) => yaw=14.1 deg, pitch=1.4 deg
[22:36:22.819] [info] Pixel (898.0,347.8) => yaw=14.1 deg, pitch=1.4 deg
[22:36:22.822] [info] Pixel (898.0,347.8) => yaw=14.1 deg, pitch=1.4 deg
[22:36:22.826] [info] Pixel (898.0,347.8) => yaw=14.1 deg, pitch=1.4 deg
[22:36:22.829] [info] Pixel (898.0,347.8) => yaw=14.1 deg, pitch=1.4 deg
[22:36:22.833] [info] Pixel (897.4,349.3) => yaw=14.0 deg, pitch=1.3 deg
[22:36:22.836] [info] Pixel (897.4,349.3) => yaw=14.0 deg, pitch=1.3 deg
[22:36:22.840] [info] Pixel (897.4,349.3) => yaw=14.0 deg, pitch=1.3 deg
[22:36:22.843] [info] Pixel (897.4,349.3) => yaw=14.0 deg, pitch=1.3 deg
[22:36:22.846] [info] Pixel (897.4,349.3) => yaw=14.0 deg, pitch=1.3 deg
[22:36:22.849] [info] Pixel (897.4,349.3) => yaw=14.0 deg, pitch=1.3 deg
[22:36:22.853] [info] Pixel (897.4,350.8) => yaw=14.0 deg, pitch=1.3 deg
[22:36:22.856] [info] Pixel (897.4,350.8) => yaw=14.0 deg, pitch=1.3 deg
[22:36:22.860] [info] Pixel (897.4,350.8) => yaw=14.0 deg, pitch=1.3 deg
[22:36:22.863] [info] Pixel (897.4,350.8) => yaw=14.0 deg, pitch=1.3 deg
[22:36:22.867] [info] Pixel (897.4,350.8) => yaw=14.0 deg, pitch=1.3 deg
[22:36:22.870] [info] Pixel (897.9,351.6) => yaw=14.1 deg, pitch=1.3 deg
[22:36:22.873] [info] Pixel (897.9,351.6) => yaw=14.1 deg, pitch=1.3 deg
[22:36:22.877] [info] Pixel (897.9,351.6) => yaw=14.1 deg, pitch=1.3 deg
[22:36:22.880] [info] Pixel (897.9,351.6) => yaw=14.1 deg, pitch=1.3 deg
[22:36:22.883] [info] Pixel (897.9,351.6) => yaw=14.1 deg, pitch=1.3 deg
[22:36:22.887] [info] Pixel (899.2,351.7) => yaw=14.1 deg, pitch=1.2 deg
[22:36:22.890] [info] Pixel (899.2,351.7) => yaw=14.1 deg, pitch=1.2 deg
[22:36:22.894] [info] Pixel (899.2,351.7) => yaw=14.1 deg, pitch=1.2 deg
[22:36:22.897] [info] Pixel (899.2,351.7) => yaw=14.1 deg, pitch=1.2 deg
[22:36:22.900] [info] Pixel (899.2,351.7) => yaw=14.1 deg, pitch=1.2 deg
[22:36:22.904] [info] Pixel (899.2,351.7) => yaw=14.1 deg, pitch=1.2 deg
[22:36:22.908] [info] Pixel (900.3,351.8) => yaw=14.1 deg, pitch=1.2 deg
[22:36:22.911] [info] Pixel (900.3,351.8) => yaw=14.1 deg, pitch=1.2 deg
[22:36:22.915] [info] Pixel (901.4,351.6) => yaw=14.2 deg, pitch=1.3 deg
[22:36:22.918] [info] Pixel (901.4,351.6) => yaw=14.2 deg, pitch=1.3 deg
[22:36:22.922] [info] Pixel (901.4,351.6) => yaw=14.2 deg, pitch=1.3 deg
[22:36:22.925] [info] Pixel (901.4,351.6) => yaw=14.2 deg, pitch=1.3 deg
[22:36:22.929] [info] Pixel (901.4,351.6) => yaw=14.2 deg, pitch=1.3 deg
[22:36:22.932] [info] Pixel (903.4,350.9) => yaw=14.2 deg, pitch=1.3 deg
[22:36:22.936] [info] Pixel (903.4,350.9) => yaw=14.2 deg, pitch=1.3 deg
[22:36:22.939] [info] Pixel (903.4,350.9) => yaw=14.2 deg, pitch=1.3 deg
[22:36:22.943] [info] Pixel (903.4,350.9) => yaw=14.2 deg, pitch=1.3 deg
[22:36:22.946] [info] Pixel (903.4,350.9) => yaw=14.2 deg, pitch=1.3 deg
[22:36:22.949] [info] Pixel (905.6,349.9) => yaw=14.3 deg, pitch=1.3 deg
[22:36:22.953] [info] Pixel (905.6,349.9) => yaw=14.3 deg, pitch=1.3 deg
[22:36:22.957] [info] Pixel (905.6,349.9) => yaw=14.3 deg, pitch=1.3 deg
[22:36:22.961] [info] Pixel (905.6,349.9) => yaw=14.3 deg, pitch=1.3 deg
[22:36:22.964] [info] Pixel (905.6,349.9) => yaw=14.3 deg, pitch=1.3 deg
[22:36:22.967] [info] Pixel (907.2,348.8) => yaw=14.4 deg, pitch=1.3 deg
[22:36:22.971] [info] Pixel (907.2,348.8) => yaw=14.4 deg, pitch=1.3 deg
[22:36:22.975] [info] Pixel (907.2,348.8) => yaw=14.4 deg, pitch=1.3 deg
[22:36:22.978] [info] Pixel (907.2,348.8) => yaw=14.4 deg, pitch=1.3 deg
[22:36:22.981] [info] Pixel (907.2,348.8) => yaw=14.4 deg, pitch=1.3 deg
[22:36:22.984] [info] Pixel (907.2,348.8) => yaw=14.4 deg, pitch=1.3 deg
[22:36:22.987] [info] Pixel (909.4,348.0) => yaw=14.5 deg, pitch=1.4 deg
[22:36:22.991] [info] Pixel (909.4,348.0) => yaw=14.5 deg, pitch=1.4 deg
[22:36:22.995] [info] Pixel (909.4,348.0) => yaw=14.5 deg, pitch=1.4 deg
[22:36:22.998] [info] Pixel (909.4,348.0) => yaw=14.5 deg, pitch=1.4 deg
[22:36:23.001] [info] Pixel (909.4,348.0) => yaw=14.5 deg, pitch=1.4 deg
[22:36:23.004] [info] Pixel (912.0,346.7) => yaw=14.6 deg, pitch=1.4 deg
[22:36:23.008] [info] Pixel (912.0,346.7) => yaw=14.6 deg, pitch=1.4 deg
[22:36:23.012] [info] Pixel (912.0,346.7) => yaw=14.6 deg, pitch=1.4 deg
[22:36:23.015] [info] Pixel (912.0,346.7) => yaw=14.6 deg, pitch=1.4 deg
[22:36:23.019] [info] Pixel (912.0,346.7) => yaw=14.6 deg, pitch=1.4 deg
[22:36:23.022] [info] Pixel (916.6,345.9) => yaw=14.7 deg, pitch=1.5 deg
[22:36:23.026] [info] Pixel (916.6,345.9) => yaw=14.7 deg, pitch=1.5 deg
[22:36:23.029] [info] Pixel (916.6,345.9) => yaw=14.7 deg, pitch=1.5 deg
[22:36:23.032] [info] Pixel (920.6,347.9) => yaw=14.9 deg, pitch=1.4 deg
[22:36:23.036] [info] Pixel (920.6,347.9) => yaw=14.9 deg, pitch=1.4 deg
[22:36:23.039] [info] Pixel (920.6,347.9) => yaw=14.9 deg, pitch=1.4 deg
[22:36:23.042] [info] Pixel (920.6,347.9) => yaw=14.9 deg, pitch=1.4 deg
[22:36:23.046] [info] Pixel (920.6,347.9) => yaw=14.9 deg, pitch=1.4 deg
[22:36:23.049] [info] Pixel (922.5,348.0) => yaw=14.9 deg, pitch=1.4 deg
[22:36:23.052] [info] Pixel (922.5,348.0) => yaw=14.9 deg, pitch=1.4 deg
[22:36:23.055] [info] Pixel (922.5,348.0) => yaw=14.9 deg, pitch=1.4 deg
[22:36:23.059] [info] Pixel (922.5,348.0) => yaw=14.9 deg, pitch=1.4 deg
[22:36:23.063] [info] Pixel (922.5,348.0) => yaw=14.9 deg, pitch=1.4 deg
[22:36:23.067] [info] Pixel (921.0,347.7) => yaw=14.9 deg, pitch=1.4 deg
[22:36:23.070] [info] Pixel (921.0,347.7) => yaw=14.9 deg, pitch=1.4 deg
[22:36:23.074] [info] Pixel (921.0,347.7) => yaw=14.9 deg, pitch=1.4 deg
[22:36:23.078] [info] Pixel (921.0,347.7) => yaw=14.9 deg, pitch=1.4 deg
[22:36:23.082] [info] Pixel (921.0,347.7) => yaw=14.9 deg, pitch=1.4 deg
[22:36:23.085] [info] Pixel (917.2,349.4) => yaw=14.7 deg, pitch=1.3 deg
[22:36:23.088] [info] Pixel (917.2,349.4) => yaw=14.7 deg, pitch=1.3 deg
[22:36:23.092] [info] Pixel (917.2,349.4) => yaw=14.7 deg, pitch=1.3 deg
[22:36:23.096] [info] Pixel (917.2,349.4) => yaw=14.7 deg, pitch=1.3 deg
[22:36:23.096] [info] [frame detector] avg 300 frame delay: 2.433 ms
[22:36:23.099] [info] Pixel (917.2,349.4) => yaw=14.7 deg, pitch=1.3 deg
[22:36:23.102] [info] Pixel (915.6,350.9) => yaw=14.7 deg, pitch=1.3 deg
[22:36:23.105] [info] Pixel (915.6,350.9) => yaw=14.7 deg, pitch=1.3 deg
[22:36:23.109] [info] Pixel (915.6,350.9) => yaw=14.7 deg, pitch=1.3 deg
[22:36:23.112] [info] Pixel (915.6,350.9) => yaw=14.7 deg, pitch=1.3 deg
[22:36:23.116] [info] Pixel (915.6,350.9) => yaw=14.7 deg, pitch=1.3 deg
[22:36:23.119] [info] Pixel (915.6,350.9) => yaw=14.7 deg, pitch=1.3 deg
[22:36:23.122] [info] Pixel (916.1,354.8) => yaw=14.7 deg, pitch=1.1 deg
[22:36:23.125] [info] Pixel (916.1,354.8) => yaw=14.7 deg, pitch=1.1 deg
[22:36:23.130] [info] Pixel (916.1,354.8) => yaw=14.7 deg, pitch=1.1 deg
[22:36:23.133] [info] Pixel (914.5,360.3) => yaw=14.6 deg, pitch=0.9 deg
[22:36:23.136] [info] Pixel (914.5,360.3) => yaw=14.6 deg, pitch=0.9 deg
[22:36:23.140] [info] Pixel (914.5,360.3) => yaw=14.6 deg, pitch=0.9 deg
[22:36:23.144] [info] Pixel (914.5,360.3) => yaw=14.6 deg, pitch=0.9 deg
[22:36:23.147] [info] Pixel (915.6,364.4) => yaw=14.7 deg, pitch=0.8 deg
[22:36:23.151] [info] Pixel (915.6,364.4) => yaw=14.7 deg, pitch=0.8 deg
[22:36:23.154] [info] Pixel (915.6,364.4) => yaw=14.7 deg, pitch=0.8 deg
[22:36:23.157] [info] Pixel (915.6,364.4) => yaw=14.7 deg, pitch=0.8 deg
[22:36:23.160] [info] Pixel (915.6,364.4) => yaw=14.7 deg, pitch=0.8 deg
[22:36:23.164] [info] Pixel (915.6,364.4) => yaw=14.7 deg, pitch=0.8 deg
[22:36:23.167] [info] Pixel (916.8,367.8) => yaw=14.7 deg, pitch=0.7 deg
[22:36:23.170] [info] Pixel (916.8,367.8) => yaw=14.7 deg, pitch=0.7 deg
[22:36:23.174] [info] Pixel (916.8,367.8) => yaw=14.7 deg, pitch=0.7 deg
[22:36:23.177] [info] Pixel (916.8,367.8) => yaw=14.7 deg, pitch=0.7 deg
[22:36:23.180] [info] Pixel (916.8,367.8) => yaw=14.7 deg, pitch=0.7 deg
[22:36:23.184] [info] Pixel (918.0,372.1) => yaw=14.8 deg, pitch=0.5 deg
[22:36:23.187] [info] Pixel (918.0,372.1) => yaw=14.8 deg, pitch=0.5 deg
[22:36:23.190] [info] Pixel (918.0,372.1) => yaw=14.8 deg, pitch=0.5 deg
[22:36:23.194] [info] Pixel (918.0,372.1) => yaw=14.8 deg, pitch=0.5 deg
[22:36:23.197] [info] Pixel (918.0,372.1) => yaw=14.8 deg, pitch=0.5 deg
[22:36:23.200] [info] Pixel (918.0,372.1) => yaw=14.8 deg, pitch=0.5 deg
[22:36:23.204] [info] Pixel (919.8,376.8) => yaw=14.8 deg, pitch=0.3 deg
[22:36:23.207] [info] Pixel (919.8,376.8) => yaw=14.8 deg, pitch=0.3 deg
[22:36:23.210] [info] Pixel (919.8,376.8) => yaw=14.8 deg, pitch=0.3 deg
[22:36:23.213] [info] Pixel (919.8,376.8) => yaw=14.8 deg, pitch=0.3 deg
[22:36:23.217] [info] Pixel (919.8,376.8) => yaw=14.8 deg, pitch=0.3 deg
[22:36:23.220] [info] Pixel (922.2,380.2) => yaw=14.9 deg, pitch=0.2 deg
[22:36:23.223] [info] Pixel (922.2,380.2) => yaw=14.9 deg, pitch=0.2 deg
[22:36:23.227] [info] Pixel (922.2,380.2) => yaw=14.9 deg, pitch=0.2 deg
[22:36:23.230] [info] Pixel (922.2,380.2) => yaw=14.9 deg, pitch=0.2 deg
[22:36:23.233] [info] Pixel (922.2,380.2) => yaw=14.9 deg, pitch=0.2 deg
[22:36:23.237] [info] Pixel (922.2,380.2) => yaw=14.9 deg, pitch=0.2 deg
[22:36:23.240] [info] Pixel (924.3,381.8) => yaw=15.0 deg, pitch=0.2 deg
[22:36:23.243] [info] Pixel (924.3,381.8) => yaw=15.0 deg, pitch=0.2 deg
[22:36:23.246] [info] Pixel (926.3,382.5) => yaw=15.1 deg, pitch=0.1 deg
[22:36:23.249] [info] Pixel (926.3,382.5) => yaw=15.1 deg, pitch=0.1 deg
[22:36:23.253] [info] Pixel (926.3,382.5) => yaw=15.1 deg, pitch=0.1 deg
[22:36:23.257] [info] Pixel (926.3,382.5) => yaw=15.1 deg, pitch=0.1 deg
[22:36:23.260] [info] Pixel (926.3,382.5) => yaw=15.1 deg, pitch=0.1 deg
[22:36:23.264] [info] Pixel (926.3,382.5) => yaw=15.1 deg, pitch=0.1 deg
[22:36:23.267] [info] Pixel (929.4,383.6) => yaw=15.2 deg, pitch=0.1 deg
[22:36:23.271] [info] Pixel (929.4,383.6) => yaw=15.2 deg, pitch=0.1 deg
[22:36:23.275] [info] Pixel (929.4,383.6) => yaw=15.2 deg, pitch=0.1 deg
[22:36:23.278] [info] Pixel (929.4,383.6) => yaw=15.2 deg, pitch=0.1 deg
[22:36:23.281] [info] Pixel (932.9,384.3) => yaw=15.3 deg, pitch=0.1 deg
[22:36:23.285] [info] Pixel (932.9,384.3) => yaw=15.3 deg, pitch=0.1 deg
[22:36:23.288] [info] Pixel (932.9,384.3) => yaw=15.3 deg, pitch=0.1 deg
[22:36:23.292] [info] Pixel (932.9,384.3) => yaw=15.3 deg, pitch=0.1 deg
[22:36:23.296] [info] Pixel (932.9,384.3) => yaw=15.3 deg, pitch=0.1 deg
[22:36:23.299] [info] Pixel (932.9,384.3) => yaw=15.3 deg, pitch=0.1 deg
[22:36:23.302] [info] Pixel (936.2,383.9) => yaw=15.4 deg, pitch=0.1 deg
[22:36:23.306] [info] Pixel (936.2,383.9) => yaw=15.4 deg, pitch=0.1 deg
[22:36:23.310] [info] Pixel (936.2,383.9) => yaw=15.4 deg, pitch=0.1 deg
[22:36:23.313] [info] Pixel (936.2,383.9) => yaw=15.4 deg, pitch=0.1 deg
[22:36:23.316] [info] Pixel (936.2,383.9) => yaw=15.4 deg, pitch=0.1 deg
[22:36:23.320] [info] Pixel (939.3,381.8) => yaw=15.5 deg, pitch=0.2 deg
[22:36:23.324] [info] Pixel (939.3,381.8) => yaw=15.5 deg, pitch=0.2 deg
[22:36:23.328] [info] Pixel (939.3,381.8) => yaw=15.5 deg, pitch=0.2 deg
[22:36:23.331] [info] Pixel (939.3,381.8) => yaw=15.5 deg, pitch=0.2 deg
[22:36:23.334] [info] Pixel (939.3,381.8) => yaw=15.5 deg, pitch=0.2 deg
[22:36:23.338] [info] Pixel (940.9,378.9) => yaw=15.6 deg, pitch=0.3 deg
[22:36:23.342] [info] Pixel (940.9,378.9) => yaw=15.6 deg, pitch=0.3 deg
[22:36:23.346] [info] Pixel (940.9,378.9) => yaw=15.6 deg, pitch=0.3 deg
[22:36:23.348] [info] Pixel (940.9,378.9) => yaw=15.6 deg, pitch=0.3 deg
[22:36:23.351] [info] Pixel (940.9,378.9) => yaw=15.6 deg, pitch=0.3 deg
[22:36:23.355] [info] Pixel (941.2,376.5) => yaw=15.6 deg, pitch=0.4 deg
[22:36:23.359] [info] Pixel (941.2,376.5) => yaw=15.6 deg, pitch=0.4 deg
[22:36:23.362] [info] Pixel (941.2,376.5) => yaw=15.6 deg, pitch=0.4 deg
[22:36:23.365] [info] Pixel (941.4,374.9) => yaw=15.6 deg, pitch=0.4 deg
[22:36:23.368] [info] Pixel (941.4,374.9) => yaw=15.6 deg, pitch=0.4 deg
[22:36:23.371] [info] Pixel (941.4,374.9) => yaw=15.6 deg, pitch=0.4 deg
[22:36:23.376] [info] Pixel (941.4,374.9) => yaw=15.6 deg, pitch=0.4 deg
[22:36:23.379] [info] Pixel (941.4,374.9) => yaw=15.6 deg, pitch=0.4 deg
[22:36:23.382] [info] Pixel (940.8,373.7) => yaw=15.6 deg, pitch=0.5 deg
[22:36:23.385] [info] Pixel (940.8,373.7) => yaw=15.6 deg, pitch=0.5 deg
[22:36:23.388] [info] Pixel (940.8,373.7) => yaw=15.6 deg, pitch=0.5 deg
[22:36:23.392] [info] Pixel (940.8,373.7) => yaw=15.6 deg, pitch=0.5 deg
[22:36:23.396] [info] Pixel (940.8,373.7) => yaw=15.6 deg, pitch=0.5 deg
[22:36:23.399] [info] Pixel (938.9,372.2) => yaw=15.5 deg, pitch=0.5 deg
[22:36:23.402] [info] Pixel (938.9,372.2) => yaw=15.5 deg, pitch=0.5 deg
[22:36:23.404] [info] Pixel (938.9,372.2) => yaw=15.5 deg, pitch=0.5 deg
[22:36:23.408] [info] Pixel (938.9,372.2) => yaw=15.5 deg, pitch=0.5 deg
[22:36:23.412] [info] Pixel (938.9,372.2) => yaw=15.5 deg, pitch=0.5 deg
[22:36:23.415] [info] Pixel (938.9,372.2) => yaw=15.5 deg, pitch=0.5 deg
[22:36:23.418] [info] Pixel (936.2,370.2) => yaw=15.4 deg, pitch=0.6 deg
[22:36:23.421] [info] Pixel (936.2,370.2) => yaw=15.4 deg, pitch=0.6 deg
[22:36:23.425] [info] Pixel (936.2,370.2) => yaw=15.4 deg, pitch=0.6 deg
[22:36:23.429] [info] Pixel (936.2,370.2) => yaw=15.4 deg, pitch=0.6 deg
[22:36:23.432] [info] Pixel (936.2,370.2) => yaw=15.4 deg, pitch=0.6 deg
[22:36:23.436] [info] Pixel (932.4,368.9) => yaw=15.3 deg, pitch=0.6 deg
[22:36:23.439] [info] Pixel (932.4,368.9) => yaw=15.3 deg, pitch=0.6 deg
[22:36:23.443] [info] Pixel (932.4,368.9) => yaw=15.3 deg, pitch=0.6 deg
[22:36:23.447] [info] Pixel (932.4,368.9) => yaw=15.3 deg, pitch=0.6 deg
[22:36:23.451] [info] Pixel (932.4,368.9) => yaw=15.3 deg, pitch=0.6 deg
[22:36:23.454] [info] Pixel (930.1,368.1) => yaw=15.2 deg, pitch=0.7 deg
[22:36:23.457] [info] Pixel (930.1,368.1) => yaw=15.2 deg, pitch=0.7 deg
[22:36:23.461] [info] Pixel (930.1,368.1) => yaw=15.2 deg, pitch=0.7 deg
[22:36:23.465] [info] Pixel (930.1,368.1) => yaw=15.2 deg, pitch=0.7 deg
[22:36:23.468] [info] Pixel (930.1,368.1) => yaw=15.2 deg, pitch=0.7 deg
[22:36:23.471] [info] Pixel (929.2,368.8) => yaw=15.2 deg, pitch=0.6 deg
[22:36:23.474] [info] Pixel (929.2,368.8) => yaw=15.2 deg, pitch=0.6 deg
[22:36:23.478] [info] Pixel (929.2,368.8) => yaw=15.2 deg, pitch=0.6 deg
[22:36:23.482] [info] Pixel (928.6,370.2) => yaw=15.1 deg, pitch=0.6 deg
[22:36:23.485] [info] Pixel (928.6,370.2) => yaw=15.1 deg, pitch=0.6 deg
[22:36:23.488] [info] Pixel (928.6,370.2) => yaw=15.1 deg, pitch=0.6 deg
[22:36:23.491] [info] Pixel (928.6,370.2) => yaw=15.1 deg, pitch=0.6 deg
[22:36:23.495] [info] Pixel (928.6,370.2) => yaw=15.1 deg, pitch=0.6 deg
[22:36:23.498] [info] Pixel (927.3,372.4) => yaw=15.1 deg, pitch=0.5 deg
[22:36:23.501] [info] Pixel (927.3,372.4) => yaw=15.1 deg, pitch=0.5 deg
[22:36:23.505] [info] Pixel (927.3,372.4) => yaw=15.1 deg, pitch=0.5 deg
[22:36:23.508] [info] Pixel (927.3,372.4) => yaw=15.1 deg, pitch=0.5 deg
[22:36:23.512] [info] Pixel (927.3,372.4) => yaw=15.1 deg, pitch=0.5 deg
[22:36:23.516] [info] Pixel (927.3,372.4) => yaw=15.1 deg, pitch=0.5 deg
[22:36:23.519] [info] Pixel (925.6,374.5) => yaw=15.0 deg, pitch=0.4 deg
[22:36:23.522] [info] Pixel (925.6,374.5) => yaw=15.0 deg, pitch=0.4 deg
[22:36:23.525] [info] Pixel (925.6,374.5) => yaw=15.0 deg, pitch=0.4 deg
[22:36:23.528] [info] Pixel (925.6,374.5) => yaw=15.0 deg, pitch=0.4 deg
[22:36:23.532] [info] Pixel (925.6,374.5) => yaw=15.0 deg, pitch=0.4 deg
[22:36:23.535] [info] Pixel (924.1,376.4) => yaw=15.0 deg, pitch=0.4 deg
[22:36:23.539] [info] Pixel (924.1,376.4) => yaw=15.0 deg, pitch=0.4 deg
[22:36:23.542] [info] Pixel (924.1,376.4) => yaw=15.0 deg, pitch=0.4 deg
[22:36:23.545] [info] Pixel (924.1,376.4) => yaw=15.0 deg, pitch=0.4 deg
[22:36:23.548] [info] Pixel (924.1,376.4) => yaw=15.0 deg, pitch=0.4 deg
[22:36:23.552] [info] Pixel (924.1,376.4) => yaw=15.0 deg, pitch=0.4 deg
[22:36:23.555] [info] Pixel (924.1,378.0) => yaw=15.0 deg, pitch=0.3 deg
[22:36:23.559] [info] Pixel (924.1,378.0) => yaw=15.0 deg, pitch=0.3 deg
[22:36:23.562] [info] Pixel (924.1,378.0) => yaw=15.0 deg, pitch=0.3 deg
[22:36:23.566] [info] Pixel (924.1,378.0) => yaw=15.0 deg, pitch=0.3 deg
[22:36:23.570] [info] Pixel (924.1,378.0) => yaw=15.0 deg, pitch=0.3 deg
[22:36:23.573] [info] Pixel (925.6,378.2) => yaw=15.0 deg, pitch=0.3 deg
[22:36:23.577] [info] Pixel (925.6,378.2) => yaw=15.0 deg, pitch=0.3 deg
[22:36:23.580] [info] Pixel (928.5,375.9) => yaw=15.1 deg, pitch=0.4 deg
[22:36:23.583] [info] Pixel (928.5,375.9) => yaw=15.1 deg, pitch=0.4 deg
[22:36:23.587] [info] Pixel (928.5,375.9) => yaw=15.1 deg, pitch=0.4 deg
[22:36:23.590] [info] Pixel (928.5,375.9) => yaw=15.1 deg, pitch=0.4 deg
[22:36:23.594] [info] Pixel (928.5,375.9) => yaw=15.1 deg, pitch=0.4 deg
[22:36:23.597] [info] Pixel (930.4,373.7) => yaw=15.2 deg, pitch=0.5 deg
[22:36:23.600] [info] Pixel (930.4,373.7) => yaw=15.2 deg, pitch=0.5 deg
[22:36:23.604] [info] Pixel (930.4,373.7) => yaw=15.2 deg, pitch=0.5 deg
[22:36:23.607] [info] Pixel (930.4,373.7) => yaw=15.2 deg, pitch=0.5 deg
[22:36:23.610] [info] Pixel (930.4,373.7) => yaw=15.2 deg, pitch=0.5 deg
[22:36:23.614] [info] Pixel (930.4,373.7) => yaw=15.2 deg, pitch=0.5 deg
[22:36:23.617] [info] Pixel (928.6,374.3) => yaw=15.1 deg, pitch=0.4 deg
[22:36:23.620] [info] Pixel (928.6,374.3) => yaw=15.1 deg, pitch=0.4 deg
[22:36:23.624] [info] Pixel (928.6,374.3) => yaw=15.1 deg, pitch=0.4 deg
[22:36:23.627] [info] Pixel (928.6,374.3) => yaw=15.1 deg, pitch=0.4 deg
[22:36:23.631] [info] Pixel (928.6,374.3) => yaw=15.1 deg, pitch=0.4 deg
[22:36:23.634] [info] Pixel (924.5,377.1) => yaw=15.0 deg, pitch=0.3 deg
[22:36:23.638] [info] Pixel (924.5,377.1) => yaw=15.0 deg, pitch=0.3 deg
[22:36:23.641] [info] Pixel (924.5,377.1) => yaw=15.0 deg, pitch=0.3 deg
[22:36:23.644] [info] Pixel (924.5,377.1) => yaw=15.0 deg, pitch=0.3 deg
[22:36:23.647] [info] Pixel (924.5,377.1) => yaw=15.0 deg, pitch=0.3 deg
[22:36:23.650] [info] Pixel (920.2,379.6) => yaw=14.8 deg, pitch=0.2 deg
[22:36:23.654] [info] Pixel (920.2,379.6) => yaw=14.8 deg, pitch=0.2 deg
[22:36:23.658] [info] Pixel (920.2,379.6) => yaw=14.8 deg, pitch=0.2 deg
[22:36:23.661] [info] Pixel (920.2,379.6) => yaw=14.8 deg, pitch=0.2 deg
[22:36:23.664] [info] Pixel (920.2,379.6) => yaw=14.8 deg, pitch=0.2 deg
[22:36:23.667] [info] Pixel (920.2,379.6) => yaw=14.8 deg, pitch=0.2 deg
[22:36:23.671] [info] Pixel (917.1,379.6) => yaw=14.7 deg, pitch=0.2 deg
[22:36:23.675] [info] Pixel (917.1,379.6) => yaw=14.7 deg, pitch=0.2 deg
[22:36:23.678] [info] Pixel (917.1,379.6) => yaw=14.7 deg, pitch=0.2 deg
[22:36:23.681] [info] Pixel (917.1,379.6) => yaw=14.7 deg, pitch=0.2 deg
[22:36:23.684] [info] Pixel (917.1,379.6) => yaw=14.7 deg, pitch=0.2 deg
[22:36:23.688] [info] Pixel (915.9,378.6) => yaw=14.7 deg, pitch=0.3 deg
[22:36:23.692] [info] Pixel (915.9,378.6) => yaw=14.7 deg, pitch=0.3 deg
[22:36:23.696] [info] Pixel (915.9,378.6) => yaw=14.7 deg, pitch=0.3 deg
[22:36:23.699] [info] Pixel (915.9,378.6) => yaw=14.7 deg, pitch=0.3 deg
[22:36:23.702] [info] Pixel (915.9,378.6) => yaw=14.7 deg, pitch=0.3 deg
[22:36:23.705] [info] Pixel (915.4,377.1) => yaw=14.7 deg, pitch=0.3 deg
[22:36:23.709] [info] Pixel (915.4,377.1) => yaw=14.7 deg, pitch=0.3 deg
[22:36:23.713] [info] Pixel (915.4,377.1) => yaw=14.7 deg, pitch=0.3 deg
[22:36:23.717] [info] Pixel (915.0,376.5) => yaw=14.7 deg, pitch=0.4 deg
[22:36:23.720] [info] Pixel (915.0,376.5) => yaw=14.7 deg, pitch=0.4 deg
[22:36:23.722] [info] Pixel (915.0,376.5) => yaw=14.7 deg, pitch=0.4 deg
[22:36:23.726] [info] Pixel (915.0,376.5) => yaw=14.7 deg, pitch=0.4 deg
[22:36:23.729] [info] Pixel (915.0,376.5) => yaw=14.7 deg, pitch=0.4 deg
[22:36:23.733] [info] Pixel (915.4,376.2) => yaw=14.7 deg, pitch=0.4 deg
[22:36:23.736] [info] Pixel (915.4,376.2) => yaw=14.7 deg, pitch=0.4 deg
[22:36:23.739] [info] Pixel (915.4,376.2) => yaw=14.7 deg, pitch=0.4 deg
[22:36:23.742] [info] Pixel (915.4,376.2) => yaw=14.7 deg, pitch=0.4 deg
[22:36:23.746] [info] Pixel (915.4,376.2) => yaw=14.7 deg, pitch=0.4 deg
[22:36:23.750] [info] Pixel (915.4,376.2) => yaw=14.7 deg, pitch=0.4 deg
[22:36:23.753] [info] Pixel (917.5,376.1) => yaw=14.7 deg, pitch=0.4 deg
[22:36:23.757] [info] Pixel (917.5,376.1) => yaw=14.7 deg, pitch=0.4 deg
[22:36:23.761] [info] Pixel (917.5,376.1) => yaw=14.7 deg, pitch=0.4 deg
[22:36:23.765] [info] Pixel (917.5,376.1) => yaw=14.7 deg, pitch=0.4 deg
[22:36:23.768] [info] Pixel (920.4,376.6) => yaw=14.8 deg, pitch=0.4 deg
[22:36:23.772] [info] Pixel (920.4,376.6) => yaw=14.8 deg, pitch=0.4 deg
[22:36:23.776] [info] Pixel (920.4,376.6) => yaw=14.8 deg, pitch=0.4 deg
[22:36:23.779] [info] Pixel (920.4,376.6) => yaw=14.8 deg, pitch=0.4 deg
[22:36:23.784] [info] Pixel (920.4,376.6) => yaw=14.8 deg, pitch=0.4 deg
[22:36:23.787] [info] Pixel (924.4,377.2) => yaw=15.0 deg, pitch=0.3 deg
[22:36:23.790] [info] Pixel (924.4,377.2) => yaw=15.0 deg, pitch=0.3 deg
[22:36:23.794] [info] Pixel (924.4,377.2) => yaw=15.0 deg, pitch=0.3 deg
[22:36:23.798] [info] Pixel (924.4,377.2) => yaw=15.0 deg, pitch=0.3 deg
[22:36:23.802] [info] Pixel (924.4,377.2) => yaw=15.0 deg, pitch=0.3 deg
[22:36:23.805] [info] Pixel (929.0,377.7) => yaw=15.1 deg, pitch=0.3 deg
[22:36:23.810] [info] Pixel (929.0,377.7) => yaw=15.1 deg, pitch=0.3 deg
[22:36:23.813] [info] Pixel (929.0,377.7) => yaw=15.1 deg, pitch=0.3 deg
[22:36:23.817] [info] Pixel (930.4,375.5) => yaw=15.2 deg, pitch=0.4 deg
[22:36:23.820] [info] Pixel (930.4,375.5) => yaw=15.2 deg, pitch=0.4 deg
[22:36:23.825] [info] Pixel (930.4,375.5) => yaw=15.2 deg, pitch=0.4 deg
[22:36:23.829] [info] Pixel (930.4,375.5) => yaw=15.2 deg, pitch=0.4 deg
[22:36:23.832] [info] Pixel (934.6,376.0) => yaw=15.3 deg, pitch=0.4 deg
[22:36:23.836] [info] Pixel (934.6,376.0) => yaw=15.3 deg, pitch=0.4 deg
[22:36:23.841] [info] Pixel (934.6,376.0) => yaw=15.3 deg, pitch=0.4 deg
[22:36:23.844] [info] Pixel (934.6,376.0) => yaw=15.3 deg, pitch=0.4 deg
[22:36:23.847] [info] Pixel (934.6,376.0) => yaw=15.3 deg, pitch=0.4 deg
[22:36:23.852] [info] Pixel (938.7,376.9) => yaw=15.5 deg, pitch=0.3 deg
[22:36:23.856] [info] Pixel (938.7,376.9) => yaw=15.5 deg, pitch=0.3 deg
[22:36:23.860] [info] Pixel (938.7,376.9) => yaw=15.5 deg, pitch=0.3 deg
[22:36:23.863] [info] Pixel (938.7,376.9) => yaw=15.5 deg, pitch=0.3 deg
[22:36:23.866] [info] Pixel (938.7,376.9) => yaw=15.5 deg, pitch=0.3 deg
[22:36:23.870] [info] Pixel (942.1,378.0) => yaw=15.6 deg, pitch=0.3 deg
[22:36:23.875] [info] Pixel (942.1,378.0) => yaw=15.6 deg, pitch=0.3 deg
[22:36:23.878] [info] Pixel (942.1,378.0) => yaw=15.6 deg, pitch=0.3 deg
[22:36:23.881] [info] Pixel (942.1,378.0) => yaw=15.6 deg, pitch=0.3 deg
[22:36:23.884] [info] Pixel (942.1,378.0) => yaw=15.6 deg, pitch=0.3 deg
[22:36:23.888] [info] Pixel (944.4,378.6) => yaw=15.7 deg, pitch=0.3 deg
[22:36:23.893] [info] Pixel (944.4,378.6) => yaw=15.7 deg, pitch=0.3 deg
[22:36:23.896] [info] Pixel (944.4,378.6) => yaw=15.7 deg, pitch=0.3 deg
[22:36:23.899] [info] Pixel (944.4,378.6) => yaw=15.7 deg, pitch=0.3 deg
[22:36:23.902] [info] Pixel (946.0,377.9) => yaw=15.7 deg, pitch=0.3 deg
[22:36:23.907] [info] Pixel (946.0,377.9) => yaw=15.7 deg, pitch=0.3 deg
[22:36:23.912] [info] Pixel (946.0,377.9) => yaw=15.7 deg, pitch=0.3 deg
[22:36:23.915] [info] Pixel (946.0,377.9) => yaw=15.7 deg, pitch=0.3 deg
[22:36:23.918] [info] Pixel (946.0,377.9) => yaw=15.7 deg, pitch=0.3 deg
[22:36:23.922] [info] Pixel (947.3,376.4) => yaw=15.8 deg, pitch=0.4 deg
[22:36:23.927] [info] Pixel (947.3,376.4) => yaw=15.8 deg, pitch=0.4 deg
[22:36:23.930] [info] Pixel (947.3,376.4) => yaw=15.8 deg, pitch=0.4 deg
[22:36:23.933] [info] Pixel (948.1,374.4) => yaw=15.8 deg, pitch=0.4 deg
[22:36:23.937] [info] Pixel (948.1,374.4) => yaw=15.8 deg, pitch=0.4 deg
[22:36:23.941] [info] Pixel (948.1,374.4) => yaw=15.8 deg, pitch=0.4 deg
[22:36:23.944] [info] Pixel (948.1,374.4) => yaw=15.8 deg, pitch=0.4 deg
[22:36:23.948] [info] Pixel (949.6,372.5) => yaw=15.9 deg, pitch=0.5 deg
[22:36:23.951] [info] Pixel (949.6,372.5) => yaw=15.9 deg, pitch=0.5 deg
[22:36:23.955] [info] Pixel (949.6,372.5) => yaw=15.9 deg, pitch=0.5 deg
[22:36:23.959] [info] Pixel (949.6,372.5) => yaw=15.9 deg, pitch=0.5 deg
[22:36:23.963] [info] Pixel (949.6,372.5) => yaw=15.9 deg, pitch=0.5 deg
[22:36:23.966] [info] Pixel (951.9,370.1) => yaw=16.0 deg, pitch=0.6 deg
[22:36:23.969] [info] Pixel (951.9,370.1) => yaw=16.0 deg, pitch=0.6 deg
[22:36:23.972] [info] Pixel (951.9,370.1) => yaw=16.0 deg, pitch=0.6 deg
[22:36:23.976] [info] Pixel (951.9,370.1) => yaw=16.0 deg, pitch=0.6 deg
[22:36:23.979] [info] Pixel (951.9,370.1) => yaw=16.0 deg, pitch=0.6 deg
[22:36:23.983] [info] Pixel (951.9,370.1) => yaw=16.0 deg, pitch=0.6 deg
[22:36:23.986] [info] Pixel (953.9,365.6) => yaw=16.0 deg, pitch=0.7 deg
[22:36:23.989] [info] Pixel (953.9,365.6) => yaw=16.0 deg, pitch=0.7 deg
[22:36:23.992] [info] Pixel (953.9,365.6) => yaw=16.0 deg, pitch=0.7 deg
[22:36:23.996] [info] Pixel (953.9,365.6) => yaw=16.0 deg, pitch=0.7 deg
[22:36:23.999] [info] Pixel (953.9,365.6) => yaw=16.0 deg, pitch=0.7 deg
[22:36:24.002] [info] Pixel (955.7,361.9) => yaw=16.1 deg, pitch=0.9 deg
[22:36:24.005] [info] Pixel (955.7,361.9) => yaw=16.1 deg, pitch=0.9 deg
[22:36:24.010] [info] Pixel (955.7,361.9) => yaw=16.1 deg, pitch=0.9 deg
[22:36:24.013] [info] Pixel (955.7,361.9) => yaw=16.1 deg, pitch=0.9 deg
[22:36:24.017] [info] Pixel (955.7,361.9) => yaw=16.1 deg, pitch=0.9 deg
[22:36:24.020] [info] Pixel (955.7,361.9) => yaw=16.1 deg, pitch=0.9 deg
[22:36:24.023] [info] Pixel (957.0,361.3) => yaw=16.1 deg, pitch=0.9 deg
[22:36:24.027] [info] Pixel (957.0,361.3) => yaw=16.1 deg, pitch=0.9 deg
[22:36:24.031] [info] Pixel (957.0,361.3) => yaw=16.1 deg, pitch=0.9 deg
[22:36:24.034] [info] Pixel (957.0,361.3) => yaw=16.1 deg, pitch=0.9 deg
[22:36:24.037] [info] Pixel (957.0,361.3) => yaw=16.1 deg, pitch=0.9 deg
[22:36:24.040] [info] Pixel (957.1,362.9) => yaw=16.1 deg, pitch=0.8 deg
[22:36:24.044] [info] Pixel (957.1,362.9) => yaw=16.1 deg, pitch=0.8 deg
[22:36:24.047] [info] Pixel (955.9,364.2) => yaw=16.1 deg, pitch=0.8 deg
[22:36:24.050] [info] Pixel (955.9,364.2) => yaw=16.1 deg, pitch=0.8 deg
[22:36:24.053] [info] Pixel (955.9,364.2) => yaw=16.1 deg, pitch=0.8 deg
[22:36:24.056] [info] Pixel (955.9,364.2) => yaw=16.1 deg, pitch=0.8 deg
[22:36:24.060] [info] Pixel (955.9,364.2) => yaw=16.1 deg, pitch=0.8 deg
[22:36:24.063] [info] Pixel (955.9,364.2) => yaw=16.1 deg, pitch=0.8 deg
[22:36:24.067] [info] Pixel (954.2,363.6) => yaw=16.0 deg, pitch=0.8 deg
[22:36:24.071] [info] Pixel (954.2,363.6) => yaw=16.0 deg, pitch=0.8 deg
[22:36:24.074] [info] Pixel (954.2,363.6) => yaw=16.0 deg, pitch=0.8 deg
[22:36:24.078] [info] Pixel (954.2,363.6) => yaw=16.0 deg, pitch=0.8 deg
[22:36:24.081] [info] Pixel (954.2,363.6) => yaw=16.0 deg, pitch=0.8 deg
[22:36:24.085] [info] Pixel (951.9,362.3) => yaw=16.0 deg, pitch=0.9 deg
[22:36:24.088] [info] Pixel (951.9,362.3) => yaw=16.0 deg, pitch=0.9 deg
[22:36:24.091] [info] Pixel (951.9,362.3) => yaw=16.0 deg, pitch=0.9 deg
[22:36:24.095] [info] Pixel (951.9,362.3) => yaw=16.0 deg, pitch=0.9 deg
[22:36:24.099] [info] Pixel (951.9,362.3) => yaw=16.0 deg, pitch=0.9 deg
[22:36:24.102] [info] Pixel (948.6,363.6) => yaw=15.8 deg, pitch=0.8 deg
[22:36:24.106] [info] Pixel (948.6,363.6) => yaw=15.8 deg, pitch=0.8 deg
[22:36:24.109] [info] Pixel (948.6,363.6) => yaw=15.8 deg, pitch=0.8 deg
[22:36:24.112] [info] Pixel (948.6,363.6) => yaw=15.8 deg, pitch=0.8 deg
[22:36:24.115] [info] Pixel (948.6,363.6) => yaw=15.8 deg, pitch=0.8 deg
[22:36:24.118] [info] Pixel (943.0,369.2) => yaw=15.6 deg, pitch=0.6 deg
[22:36:24.122] [info] Pixel (943.0,369.2) => yaw=15.6 deg, pitch=0.6 deg
[22:36:24.126] [info] Pixel (943.0,369.2) => yaw=15.6 deg, pitch=0.6 deg
[22:36:24.129] [info] Pixel (943.0,369.2) => yaw=15.6 deg, pitch=0.6 deg
[22:36:24.132] [info] Pixel (943.0,369.2) => yaw=15.6 deg, pitch=0.6 deg
[22:36:24.136] [info] Pixel (943.0,369.2) => yaw=15.6 deg, pitch=0.6 deg
[22:36:24.136] [info] [frame detector] avg 300 frame delay: 2.366 ms
[22:36:24.140] [info] Pixel (937.3,374.7) => yaw=15.4 deg, pitch=0.4 deg
[22:36:24.143] [info] Pixel (937.3,374.7) => yaw=15.4 deg, pitch=0.4 deg
[22:36:24.147] [info] Pixel (931.6,379.2) => yaw=15.2 deg, pitch=0.3 deg
[22:36:24.149] [info] Pixel (931.6,379.2) => yaw=15.2 deg, pitch=0.3 deg
[22:36:24.153] [info] Pixel (931.6,379.2) => yaw=15.2 deg, pitch=0.3 deg
[22:36:24.157] [info] Pixel (931.6,379.2) => yaw=15.2 deg, pitch=0.3 deg
[22:36:24.160] [info] Pixel (931.6,379.2) => yaw=15.2 deg, pitch=0.3 deg
[22:36:24.163] [info] Pixel (931.6,379.2) => yaw=15.2 deg, pitch=0.3 deg
[22:36:24.166] [info] Pixel (928.2,381.9) => yaw=15.1 deg, pitch=0.2 deg
[22:36:24.170] [info] Pixel (928.2,381.9) => yaw=15.1 deg, pitch=0.2 deg
[22:36:24.173] [info] Pixel (928.2,381.9) => yaw=15.1 deg, pitch=0.2 deg
[22:36:24.176] [info] Pixel (928.2,381.9) => yaw=15.1 deg, pitch=0.2 deg
[22:36:24.179] [info] Pixel (928.2,381.9) => yaw=15.1 deg, pitch=0.2 deg
[22:36:24.182] [info] Pixel (926.1,384.7) => yaw=15.0 deg, pitch=0.1 deg
[22:36:24.185] [info] Pixel (926.1,384.7) => yaw=15.0 deg, pitch=0.1 deg
[22:36:24.189] [info] Pixel (926.1,384.7) => yaw=15.0 deg, pitch=0.1 deg
[22:36:24.193] [info] Pixel (926.1,384.7) => yaw=15.0 deg, pitch=0.1 deg
[22:36:24.196] [info] Pixel (926.1,384.7) => yaw=15.0 deg, pitch=0.1 deg
[22:36:24.200] [info] Pixel (926.1,384.7) => yaw=15.0 deg, pitch=0.1 deg
[22:36:24.203] [info] Pixel (926.2,387.2) => yaw=15.1 deg, pitch=-0.0 deg
[22:36:24.206] [info] Pixel (926.2,387.2) => yaw=15.1 deg, pitch=-0.0 deg
[22:36:24.210] [info] Pixel (926.2,387.2) => yaw=15.1 deg, pitch=-0.0 deg
[22:36:24.213] [info] Pixel (926.2,387.2) => yaw=15.1 deg, pitch=-0.0 deg
[22:36:24.217] [info] Pixel (926.2,387.2) => yaw=15.1 deg, pitch=-0.0 deg
[22:36:24.220] [info] Pixel (926.8,389.7) => yaw=15.1 deg, pitch=-0.1 deg
[22:36:24.224] [info] Pixel (926.8,389.7) => yaw=15.1 deg, pitch=-0.1 deg
[22:36:24.228] [info] Pixel (926.8,389.7) => yaw=15.1 deg, pitch=-0.1 deg
[22:36:24.231] [info] Pixel (926.8,389.7) => yaw=15.1 deg, pitch=-0.1 deg
[22:36:24.234] [info] Pixel (926.8,389.7) => yaw=15.1 deg, pitch=-0.1 deg
[22:36:24.237] [info] Pixel (929.5,389.5) => yaw=15.2 deg, pitch=-0.1 deg
[22:36:24.241] [info] Pixel (929.5,389.5) => yaw=15.2 deg, pitch=-0.1 deg
[22:36:24.245] [info] Pixel (929.5,389.5) => yaw=15.2 deg, pitch=-0.1 deg
[22:36:24.248] [info] Pixel (929.5,389.5) => yaw=15.2 deg, pitch=-0.1 deg
[22:36:24.251] [info] Pixel (929.5,389.5) => yaw=15.2 deg, pitch=-0.1 deg
[22:36:24.254] [info] Pixel (934.8,385.4) => yaw=15.4 deg, pitch=0.0 deg
[22:36:24.258] [info] Pixel (934.8,385.4) => yaw=15.4 deg, pitch=0.0 deg
[22:36:24.262] [info] Pixel (934.8,385.4) => yaw=15.4 deg, pitch=0.0 deg
[22:36:24.266] [info] Pixel (934.8,385.4) => yaw=15.4 deg, pitch=0.0 deg
[22:36:24.269] [info] Pixel (934.8,385.4) => yaw=15.4 deg, pitch=0.0 deg
[22:36:24.272] [info] Pixel (934.8,385.4) => yaw=15.4 deg, pitch=0.0 deg
[22:36:24.276] [info] Pixel (939.1,379.6) => yaw=15.5 deg, pitch=0.2 deg
[22:36:24.279] [info] Pixel (939.1,379.6) => yaw=15.5 deg, pitch=0.2 deg
[22:36:24.282] [info] Pixel (941.7,372.7) => yaw=15.6 deg, pitch=0.5 deg
[22:36:24.285] [info] Pixel (941.7,372.7) => yaw=15.6 deg, pitch=0.5 deg
[22:36:24.288] [info] Pixel (941.7,372.7) => yaw=15.6 deg, pitch=0.5 deg
[22:36:24.292] [info] Pixel (941.7,372.7) => yaw=15.6 deg, pitch=0.5 deg
[22:36:24.296] [info] Pixel (941.7,372.7) => yaw=15.6 deg, pitch=0.5 deg
[22:36:24.299] [info] Pixel (942.0,368.3) => yaw=15.6 deg, pitch=0.6 deg
[22:36:24.302] [info] Pixel (942.0,368.3) => yaw=15.6 deg, pitch=0.6 deg
[22:36:24.306] [info] Pixel (942.0,368.3) => yaw=15.6 deg, pitch=0.6 deg
[22:36:24.309] [info] Pixel (942.0,368.3) => yaw=15.6 deg, pitch=0.6 deg
[22:36:24.313] [info] Pixel (942.0,368.3) => yaw=15.6 deg, pitch=0.6 deg
[22:36:24.316] [info] Pixel (939.7,366.2) => yaw=15.5 deg, pitch=0.7 deg
[22:36:24.319] [info] Pixel (939.7,366.2) => yaw=15.5 deg, pitch=0.7 deg
[22:36:24.323] [info] Pixel (939.7,366.2) => yaw=15.5 deg, pitch=0.7 deg
[22:36:24.327] [info] Pixel (939.7,366.2) => yaw=15.5 deg, pitch=0.7 deg
[22:36:24.330] [info] Pixel (939.7,366.2) => yaw=15.5 deg, pitch=0.7 deg
[22:36:24.334] [info] Pixel (939.7,366.2) => yaw=15.5 deg, pitch=0.7 deg
[22:36:24.336] [info] Pixel (937.5,369.4) => yaw=15.4 deg, pitch=0.6 deg
[22:36:24.339] [info] Pixel (937.5,369.4) => yaw=15.4 deg, pitch=0.6 deg
[22:36:24.343] [info] Pixel (937.5,369.4) => yaw=15.4 deg, pitch=0.6 deg
[22:36:24.347] [info] Pixel (937.5,369.4) => yaw=15.4 deg, pitch=0.6 deg
[22:36:24.350] [info] Pixel (937.5,369.4) => yaw=15.4 deg, pitch=0.6 deg
[22:36:24.353] [info] Pixel (933.8,370.0) => yaw=15.3 deg, pitch=0.6 deg
[22:36:24.356] [info] Pixel (933.8,370.0) => yaw=15.3 deg, pitch=0.6 deg
[22:36:24.360] [info] Pixel (933.8,370.0) => yaw=15.3 deg, pitch=0.6 deg
[22:36:24.364] [info] Pixel (933.8,370.0) => yaw=15.3 deg, pitch=0.6 deg
[22:36:24.367] [info] Pixel (933.8,370.0) => yaw=15.3 deg, pitch=0.6 deg
[22:36:24.370] [info] Pixel (930.0,371.0) => yaw=15.2 deg, pitch=0.6 deg
[22:36:24.373] [info] Pixel (930.0,371.0) => yaw=15.2 deg, pitch=0.6 deg
[22:36:24.377] [info] Pixel (930.0,371.0) => yaw=15.2 deg, pitch=0.6 deg
[22:36:24.381] [info] Pixel (930.0,371.0) => yaw=15.2 deg, pitch=0.6 deg
[22:36:24.384] [info] Pixel (924.4,371.0) => yaw=15.0 deg, pitch=0.6 deg
[22:36:24.387] [info] Pixel (924.4,371.0) => yaw=15.0 deg, pitch=0.6 deg
[22:36:24.391] [info] Pixel (924.4,371.0) => yaw=15.0 deg, pitch=0.6 deg
[22:36:24.394] [info] Pixel (924.4,371.0) => yaw=15.0 deg, pitch=0.6 deg
[22:36:24.397] [info] Pixel (924.4,371.0) => yaw=15.0 deg, pitch=0.6 deg
[22:36:24.434] [info] Pixel (918.8,375.6) => yaw=14.8 deg, pitch=0.4 deg
[22:36:24.438] [info] Pixel (918.8,375.6) => yaw=14.8 deg, pitch=0.4 deg
[22:36:24.441] [info] Pixel (918.8,375.6) => yaw=14.8 deg, pitch=0.4 deg
[22:36:24.445] [info] Pixel (918.8,375.6) => yaw=14.8 deg, pitch=0.4 deg
[22:36:24.448] [info] Pixel (918.8,375.6) => yaw=14.8 deg, pitch=0.4 deg
[22:36:24.452] [info] Pixel (918.8,375.6) => yaw=14.8 deg, pitch=0.4 deg
[22:36:24.455] [info] Pixel (917.2,376.8) => yaw=14.7 deg, pitch=0.3 deg
[22:36:24.458] [info] Pixel (917.2,376.8) => yaw=14.7 deg, pitch=0.3 deg
[22:36:24.462] [info] Pixel (917.2,376.8) => yaw=14.7 deg, pitch=0.3 deg
[22:36:24.465] [info] Pixel (917.2,376.8) => yaw=14.7 deg, pitch=0.3 deg
[22:36:24.468] [info] Pixel (917.2,376.8) => yaw=14.7 deg, pitch=0.3 deg
[22:36:24.471] [info] Pixel (916.9,378.0) => yaw=14.7 deg, pitch=0.3 deg
[22:36:24.475] [info] Pixel (916.9,378.0) => yaw=14.7 deg, pitch=0.3 deg
[22:36:24.478] [info] Pixel (916.9,378.0) => yaw=14.7 deg, pitch=0.3 deg
[22:36:24.481] [info] Pixel (916.9,378.0) => yaw=14.7 deg, pitch=0.3 deg
[22:36:24.484] [info] Pixel (916.9,378.0) => yaw=14.7 deg, pitch=0.3 deg
[22:36:24.487] [info] Pixel (916.9,378.0) => yaw=14.7 deg, pitch=0.3 deg
[22:36:24.491] [info] Pixel (916.3,376.8) => yaw=14.7 deg, pitch=0.3 deg
[22:36:24.494] [info] Pixel (916.3,376.8) => yaw=14.7 deg, pitch=0.3 deg
[22:36:24.534] [info] Pixel (921.0,376.4) => yaw=14.9 deg, pitch=0.4 deg
[22:36:24.537] [info] Pixel (921.0,376.4) => yaw=14.9 deg, pitch=0.4 deg
[22:36:24.541] [info] Pixel (921.0,376.4) => yaw=14.9 deg, pitch=0.4 deg
[22:36:24.544] [info] Pixel (921.0,376.4) => yaw=14.9 deg, pitch=0.4 deg
[22:36:24.547] [info] Pixel (921.0,376.4) => yaw=14.9 deg, pitch=0.4 deg
[22:36:24.550] [info] Pixel (928.1,378.9) => yaw=15.1 deg, pitch=0.3 deg
[22:36:24.553] [info] Pixel (928.1,378.9) => yaw=15.1 deg, pitch=0.3 deg
[22:36:24.557] [info] Pixel (928.1,378.9) => yaw=15.1 deg, pitch=0.3 deg
[22:36:24.561] [info] Pixel (928.1,378.9) => yaw=15.1 deg, pitch=0.3 deg
[22:36:24.565] [info] Pixel (928.1,378.9) => yaw=15.1 deg, pitch=0.3 deg
[22:36:24.568] [info] Pixel (928.1,378.9) => yaw=15.1 deg, pitch=0.3 deg
[22:36:24.571] [info] Pixel (929.1,379.5) => yaw=15.2 deg, pitch=0.2 deg
[22:36:24.575] [info] Pixel (929.1,379.5) => yaw=15.2 deg, pitch=0.2 deg
[22:36:24.578] [info] Pixel (929.1,379.5) => yaw=15.2 deg, pitch=0.2 deg
[22:36:24.581] [info] Pixel (929.1,379.5) => yaw=15.2 deg, pitch=0.2 deg
[22:36:24.584] [info] Pixel (929.1,379.5) => yaw=15.2 deg, pitch=0.2 deg
[22:36:24.587] [info] Pixel (929.9,378.0) => yaw=15.2 deg, pitch=0.3 deg
[22:36:24.591] [info] Pixel (929.9,378.0) => yaw=15.2 deg, pitch=0.3 deg
[22:36:24.596] [info] Pixel (929.9,378.0) => yaw=15.2 deg, pitch=0.3 deg
[22:36:24.599] [info] Pixel (929.9,378.0) => yaw=15.2 deg, pitch=0.3 deg
[22:36:24.602] [info] Pixel (929.9,378.0) => yaw=15.2 deg, pitch=0.3 deg
[22:36:24.651] [info] Pixel (930.7,370.4) => yaw=15.2 deg, pitch=0.6 deg
[22:36:24.654] [info] Pixel (930.7,370.4) => yaw=15.2 deg, pitch=0.6 deg
[22:36:24.657] [info] Pixel (930.7,370.4) => yaw=15.2 deg, pitch=0.6 deg
[22:36:24.660] [info] Pixel (930.7,370.4) => yaw=15.2 deg, pitch=0.6 deg
[22:36:24.664] [info] Pixel (930.7,370.4) => yaw=15.2 deg, pitch=0.6 deg
[22:36:24.667] [info] Pixel (930.7,370.4) => yaw=15.2 deg, pitch=0.6 deg
[22:36:24.670] [info] Pixel (928.0,368.3) => yaw=15.1 deg, pitch=0.6 deg
[22:36:24.674] [info] Pixel (928.0,368.3) => yaw=15.1 deg, pitch=0.6 deg
[22:36:24.677] [info] Pixel (928.0,368.3) => yaw=15.1 deg, pitch=0.6 deg
[22:36:24.681] [info] Pixel (928.0,368.3) => yaw=15.1 deg, pitch=0.6 deg
[22:36:24.684] [info] Pixel (928.0,368.3) => yaw=15.1 deg, pitch=0.6 deg
[22:36:24.688] [info] Pixel (927.7,366.8) => yaw=15.1 deg, pitch=0.7 deg
[22:36:24.691] [info] Pixel (927.7,366.8) => yaw=15.1 deg, pitch=0.7 deg
[22:36:24.694] [info] Pixel (927.7,366.8) => yaw=15.1 deg, pitch=0.7 deg
[22:36:24.698] [info] Pixel (927.7,366.8) => yaw=15.1 deg, pitch=0.7 deg
[22:36:24.702] [info] Pixel (927.7,366.8) => yaw=15.1 deg, pitch=0.7 deg
[22:36:24.751] [info] Pixel (930.9,366.8) => yaw=15.2 deg, pitch=0.7 deg
[22:36:24.754] [info] Pixel (930.9,366.8) => yaw=15.2 deg, pitch=0.7 deg
[22:36:24.758] [info] Pixel (930.9,366.8) => yaw=15.2 deg, pitch=0.7 deg
[22:36:24.761] [info] Pixel (930.9,366.8) => yaw=15.2 deg, pitch=0.7 deg
[22:36:24.765] [info] Pixel (930.9,366.8) => yaw=15.2 deg, pitch=0.7 deg
[22:36:24.768] [info] Pixel (934.1,365.2) => yaw=15.3 deg, pitch=0.8 deg
[22:36:24.771] [info] Pixel (934.1,365.2) => yaw=15.3 deg, pitch=0.8 deg
[22:36:24.775] [info] Pixel (934.1,365.2) => yaw=15.3 deg, pitch=0.8 deg
[22:36:24.778] [info] Pixel (934.1,365.2) => yaw=15.3 deg, pitch=0.8 deg
[22:36:24.782] [info] Pixel (934.1,365.2) => yaw=15.3 deg, pitch=0.8 deg
[22:36:24.786] [info] Pixel (938.2,362.9) => yaw=15.5 deg, pitch=0.8 deg
[22:36:24.789] [info] Pixel (938.2,362.9) => yaw=15.5 deg, pitch=0.8 deg
[22:36:24.793] [info] Pixel (938.2,362.9) => yaw=15.5 deg, pitch=0.8 deg
[22:36:24.797] [info] Pixel (938.2,362.9) => yaw=15.5 deg, pitch=0.8 deg
[22:36:24.800] [info] Pixel (938.2,362.9) => yaw=15.5 deg, pitch=0.8 deg
[22:36:24.850] [info] Pixel (940.2,369.4) => yaw=15.5 deg, pitch=0.6 deg
[22:36:24.852] [info] Pixel (940.2,369.4) => yaw=15.5 deg, pitch=0.6 deg
[22:36:24.856] [info] Pixel (940.2,369.4) => yaw=15.5 deg, pitch=0.6 deg
[22:36:24.859] [info] Pixel (940.2,369.4) => yaw=15.5 deg, pitch=0.6 deg
[22:36:24.863] [info] Pixel (940.2,369.4) => yaw=15.5 deg, pitch=0.6 deg
[22:36:24.867] [info] Pixel (937.5,375.5) => yaw=15.4 deg, pitch=0.4 deg
[22:36:24.870] [info] Pixel (937.5,375.5) => yaw=15.4 deg, pitch=0.4 deg
[22:36:24.873] [info] Pixel (937.5,375.5) => yaw=15.4 deg, pitch=0.4 deg
[22:36:24.877] [info] Pixel (937.5,375.5) => yaw=15.4 deg, pitch=0.4 deg
[22:36:24.881] [info] Pixel (937.5,375.5) => yaw=15.4 deg, pitch=0.4 deg
[22:36:24.885] [info] Pixel (937.5,375.5) => yaw=15.4 deg, pitch=0.4 deg
[22:36:24.888] [info] Pixel (933.4,381.1) => yaw=15.3 deg, pitch=0.2 deg
[22:36:24.891] [info] Pixel (933.4,381.1) => yaw=15.3 deg, pitch=0.2 deg
[22:36:24.895] [info] Pixel (933.4,381.1) => yaw=15.3 deg, pitch=0.2 deg
[22:36:24.899] [info] Pixel (933.4,381.1) => yaw=15.3 deg, pitch=0.2 deg
[22:36:25.148] [info] [frame detector] avg 300 frame delay: 2.271 ms
[22:36:26.147] [info] [frame detector] avg 300 frame delay: 2.220 ms
[22:36:27.153] [info] [frame detector] avg 300 frame delay: 2.247 ms
